2024-10-28 01:23:39.403 UTC [1] LOG:  starting PostgreSQL 16.4 (Debian 16.4-1.pgdg120+2) on x86_64-pc-linux-gnu, compiled by gcc (Debian 12.2.0-14) 12.2.0, 64-bit
2024-10-28 01:23:39.403 UTC [1] LOG:  listening on IPv4 address "0.0.0.0", port 5432
2024-10-28 01:23:39.403 UTC [1] LOG:  listening on IPv6 address "::", port 5432
2024-10-28 01:23:39.890 UTC [1] LOG:  listening on Unix socket "/var/run/postgresql/.s.PGSQL.5432"
2024-10-28 01:23:40.199 UTC [31] LOG:  database system was shut down in recovery at 2024-10-26 17:24:10 UTC
2024-10-28 01:23:40.199 UTC [32] snj@snj_db FATAL:  the database system is starting up
2024-10-28 01:23:40.270 UTC [31] LOG:  entering standby mode
2024-10-28 01:23:40.415 UTC [31] LOG:  redo starts at 0/11000060
2024-10-28 01:23:40.422 UTC [31] LOG:  consistent recovery state reached at 0/120005F0
2024-10-28 01:23:40.422 UTC [1] LOG:  database system is ready to accept read-only connections
2024-10-28 01:23:40.422 UTC [31] LOG:  invalid record length at 0/120005F0: expected at least 24, got 0
2024-10-28 01:23:40.488 UTC [33] LOG:  started streaming WAL from primary at 0/12000000 on timeline 1
2024-10-28 01:28:40.298 UTC [29] LOG:  restartpoint starting: time
2024-10-28 01:28:40.879 UTC [29] LOG:  restartpoint complete: wrote 7 buffers (0.0%); 0 WAL file(s) added, 0 removed, 2 recycled; write=0.522 s, sync=0.015 s, total=0.582 s; sync files=6, longest=0.003 s, average=0.003 s; distance=32767 kB, estimate=32767 kB; lsn=0/13000028, redo lsn=0/13000028
2024-10-28 01:28:40.879 UTC [29] LOG:  recovery restart point at 0/13000028
2024-10-28 01:28:40.879 UTC [29] DETAIL:  Last completed transaction was at log time 2024-10-28 01:27:55.34415+00.
2024-10-28 01:33:40.978 UTC [29] LOG:  restartpoint starting: time
2024-10-28 01:33:41.023 UTC [29] LOG:  restartpoint complete: wrote 1 buffers (0.0%); 0 WAL file(s) added, 0 removed, 0 recycled; write=0.015 s, sync=0.003 s, total=0.046 s; sync files=1, longest=0.003 s, average=0.003 s; distance=1 kB, estimate=29491 kB; lsn=0/13000710, redo lsn=0/130006D8
2024-10-28 01:33:41.023 UTC [29] LOG:  recovery restart point at 0/130006D8
2024-10-28 01:33:41.023 UTC [29] DETAIL:  Last completed transaction was at log time 2024-10-28 01:31:09.854328+00.
2024-10-28 01:38:40.123 UTC [29] LOG:  restartpoint starting: time
2024-10-28 01:38:40.260 UTC [29] LOG:  restartpoint complete: wrote 0 buffers (0.0%); 0 WAL file(s) added, 0 removed, 0 recycled; write=0.049 s, sync=0.001 s, total=0.137 s; sync files=0, longest=0.000 s, average=0.000 s; distance=0 kB, estimate=26542 kB; lsn=0/130009C8, redo lsn=0/13000990
2024-10-28 01:38:40.260 UTC [29] LOG:  recovery restart point at 0/13000990
2024-10-28 01:38:40.260 UTC [29] DETAIL:  Last completed transaction was at log time 2024-10-28 01:31:09.854328+00.
2024-10-28 01:42:24.974 UTC [1] LOG:  received fast shutdown request
2024-10-28 01:42:24.984 UTC [1] LOG:  aborting any active transactions
2024-10-28 01:42:24.984 UTC [39] snj@snj_db FATAL:  terminating connection due to administrator command
2024-10-28 01:42:24.984 UTC [34] snj@snj_db FATAL:  terminating connection due to administrator command
2024-10-28 01:42:24.984 UTC [33] FATAL:  terminating walreceiver process due to administrator command
2024-10-28 01:42:24.990 UTC [29] LOG:  shutting down
2024-10-28 01:42:25.009 UTC [1] LOG:  database system is shut down
