2024-10-26 16:54:11.073 UTC [1] LOG:  starting PostgreSQL 16.4 (Debian 16.4-1.pgdg120+2) on aarch64-unknown-linux-gnu, compiled by gcc (Debian 12.2.0-14) 12.2.0, 64-bit
2024-10-26 16:54:11.074 UTC [1] LOG:  listening on IPv4 address "0.0.0.0", port 5432
2024-10-26 16:54:11.074 UTC [1] LOG:  listening on IPv6 address "::", port 5432
2024-10-26 16:54:11.083 UTC [1] LOG:  listening on Unix socket "/var/run/postgresql/.s.PGSQL.5432"
2024-10-26 16:54:11.112 UTC [32] LOG:  database system was shut down at 2024-10-26 16:51:27 UTC
2024-10-26 16:54:11.155 UTC [1] LOG:  database system is ready to accept connections
cp: cannot create regular file '/database/postgres/data/archive/000000010000000000000001': No such file or directory
2024-10-26 16:54:11.160 UTC [35] LOG:  archive command failed with exit code 1
2024-10-26 16:54:11.160 UTC [35] DETAIL:  The failed archive command was: test ! -f /database/postgres/data/archive/000000010000000000000001 && cp pg_wal/000000010000000000000001 /database/postgres/data/archive/000000010000000000000001
cp: cannot create regular file '/database/postgres/data/archive/000000010000000000000001': No such file or directory
2024-10-26 16:54:12.171 UTC [35] LOG:  archive command failed with exit code 1
2024-10-26 16:54:12.171 UTC [35] DETAIL:  The failed archive command was: test ! -f /database/postgres/data/archive/000000010000000000000001 && cp pg_wal/000000010000000000000001 /database/postgres/data/archive/000000010000000000000001
cp: cannot create regular file '/database/postgres/data/archive/000000010000000000000001': No such file or directory
2024-10-26 16:54:13.182 UTC [35] LOG:  archive command failed with exit code 1
2024-10-26 16:54:13.182 UTC [35] DETAIL:  The failed archive command was: test ! -f /database/postgres/data/archive/000000010000000000000001 && cp pg_wal/000000010000000000000001 /database/postgres/data/archive/000000010000000000000001
2024-10-26 16:54:13.182 UTC [35] WARNING:  archiving write-ahead log file "000000010000000000000001" failed too many times, will try again later
2024-10-26 16:54:36.705 UTC [1] LOG:  received fast shutdown request
2024-10-26 16:54:36.711 UTC [1] LOG:  aborting any active transactions
2024-10-26 16:54:36.714 UTC [1] LOG:  background worker "logical replication launcher" (PID 36) exited with exit code 1
2024-10-26 16:54:36.717 UTC [30] LOG:  shutting down
2024-10-26 16:54:38.706 UTC [30] LOG:  checkpoint starting: shutdown immediate
cp: cannot create regular file '/database/postgres/data/archive/000000010000000000000001': No such file or directory
2024-10-26 16:54:38.710 UTC [35] LOG:  archive command failed with exit code 1
2024-10-26 16:54:38.710 UTC [35] DETAIL:  The failed archive command was: test ! -f /database/postgres/data/archive/000000010000000000000001 && cp pg_wal/000000010000000000000001 /database/postgres/data/archive/000000010000000000000001
2024-10-26 16:54:39.180 UTC [30] LOG:  checkpoint complete: wrote 3 buffers (0.0%); 0 WAL file(s) added, 0 removed, 0 recycled; write=0.009 s, sync=0.002 s, total=0.479 s; sync files=2, longest=0.001 s, average=0.001 s; distance=16384 kB, estimate=16384 kB; lsn=0/8000028, redo lsn=0/8000028
cp: cannot create regular file '/database/postgres/data/archive/000000010000000000000001': No such file or directory
2024-10-26 16:54:39.222 UTC [35] LOG:  archive command failed with exit code 1
2024-10-26 16:54:39.222 UTC [35] DETAIL:  The failed archive command was: test ! -f /database/postgres/data/archive/000000010000000000000001 && cp pg_wal/000000010000000000000001 /database/postgres/data/archive/000000010000000000000001
cp: cannot create regular file '/database/postgres/data/archive/000000010000000000000001': No such file or directory
2024-10-26 16:54:40.233 UTC [35] LOG:  archive command failed with exit code 1
2024-10-26 16:54:40.233 UTC [35] DETAIL:  The failed archive command was: test ! -f /database/postgres/data/archive/000000010000000000000001 && cp pg_wal/000000010000000000000001 /database/postgres/data/archive/000000010000000000000001
2024-10-26 16:54:40.233 UTC [35] WARNING:  archiving write-ahead log file "000000010000000000000001" failed too many times, will try again later
cp: cannot create regular file '/database/postgres/data/archive/000000010000000000000001': No such file or directory
2024-10-26 16:54:40.252 UTC [35] LOG:  archive command failed with exit code 1
2024-10-26 16:54:40.252 UTC [35] DETAIL:  The failed archive command was: test ! -f /database/postgres/data/archive/000000010000000000000001 && cp pg_wal/000000010000000000000001 /database/postgres/data/archive/000000010000000000000001
cp: cannot create regular file '/database/postgres/data/archive/000000010000000000000001': No such file or directory
2024-10-26 16:54:41.256 UTC [35] LOG:  archive command failed with exit code 1
2024-10-26 16:54:41.256 UTC [35] DETAIL:  The failed archive command was: test ! -f /database/postgres/data/archive/000000010000000000000001 && cp pg_wal/000000010000000000000001 /database/postgres/data/archive/000000010000000000000001
cp: cannot create regular file '/database/postgres/data/archive/000000010000000000000001': No such file or directory
2024-10-26 16:54:42.261 UTC [35] LOG:  archive command failed with exit code 1
2024-10-26 16:54:42.261 UTC [35] DETAIL:  The failed archive command was: test ! -f /database/postgres/data/archive/000000010000000000000001 && cp pg_wal/000000010000000000000001 /database/postgres/data/archive/000000010000000000000001
2024-10-26 16:54:42.261 UTC [35] WARNING:  archiving write-ahead log file "000000010000000000000001" failed too many times, will try again later
2024-10-26 16:54:42.269 UTC [1] LOG:  database system is shut down
