2024-10-28 02:22:30.514 UTC [1] LOG:  starting PostgreSQL 16.4 (Debian 16.4-1.pgdg120+2) on x86_64-pc-linux-gnu, compiled by gcc (Debian 12.2.0-14) 12.2.0, 64-bit
2024-10-28 02:22:30.534 UTC [1] LOG:  listening on IPv4 address "0.0.0.0", port 5432
2024-10-28 02:22:30.534 UTC [1] LOG:  listening on IPv6 address "::", port 5432
2024-10-28 02:22:30.551 UTC [1] LOG:  listening on Unix socket "/var/run/postgresql/.s.PGSQL.5432"
2024-10-28 02:22:30.579 UTC [30] LOG:  database system was shut down in recovery at 2024-10-28 01:42:24 UTC
2024-10-28 02:22:30.584 UTC [30] LOG:  entering standby mode
2024-10-28 02:22:30.609 UTC [30] LOG:  redo starts at 0/13000990
2024-10-28 02:22:30.610 UTC [30] LOG:  consistent recovery state reached at 0/13000A78
2024-10-28 02:22:30.610 UTC [1] LOG:  database system is ready to accept read-only connections
2024-10-28 02:22:30.611 UTC [30] LOG:  invalid record length at 0/13000A78: expected at least 24, got 0
2024-10-28 02:22:30.625 UTC [31] LOG:  started streaming WAL from primary at 0/13000000 on timeline 1
2024-10-28 02:27:30.679 UTC [28] LOG:  restartpoint starting: time
2024-10-28 02:27:30.749 UTC [28] LOG:  restartpoint complete: wrote 1 buffers (0.0%); 0 WAL file(s) added, 0 removed, 1 recycled; write=0.016 s, sync=0.001 s, total=0.070 s; sync files=0, longest=0.000 s, average=0.000 s; distance=16381 kB, estimate=16381 kB; lsn=0/14000028, redo lsn=0/14000028
2024-10-28 02:27:30.749 UTC [28] LOG:  recovery restart point at 0/14000028
2024-10-28 02:32:30.844 UTC [28] LOG:  restartpoint starting: time
2024-10-28 02:32:30.886 UTC [28] LOG:  restartpoint complete: wrote 0 buffers (0.0%); 0 WAL file(s) added, 0 removed, 0 recycled; write=0.013 s, sync=0.001 s, total=0.043 s; sync files=0, longest=0.000 s, average=0.000 s; distance=0 kB, estimate=14743 kB; lsn=0/14000110, redo lsn=0/140000D8
2024-10-28 02:32:30.886 UTC [28] LOG:  recovery restart point at 0/140000D8
2024-10-28 02:36:10.881 UTC [38] snj@snj_db ERROR:  column "test2" does not exist at character 27
2024-10-28 02:36:10.881 UTC [38] snj@snj_db STATEMENT:  SELECT * FROM "url" WHERE test2
2024-10-28 02:45:48.039 UTC [32] snj@snj_db ERROR:  column "test" does not exist at character 27
2024-10-28 02:45:48.039 UTC [32] snj@snj_db STATEMENT:  SELECT * FROM "url" WHERE test
2024-10-28 02:46:12.087 UTC [1] LOG:  received fast shutdown request
2024-10-28 02:46:12.097 UTC [1] LOG:  aborting any active transactions
2024-10-28 02:46:12.097 UTC [33] snj@snj_db FATAL:  terminating connection due to administrator command
2024-10-28 02:46:12.097 UTC [32] snj@snj_db FATAL:  terminating connection due to administrator command
2024-10-28 02:46:12.097 UTC [31] FATAL:  terminating walreceiver process due to administrator command
2024-10-28 02:46:12.100 UTC [28] LOG:  shutting down
2024-10-28 02:46:12.110 UTC [1] LOG:  database system is shut down
