2024-10-28 02:46:50.446 UTC [1] LOG:  starting PostgreSQL 16.4 (Debian 16.4-1.pgdg120+2) on x86_64-pc-linux-gnu, compiled by gcc (Debian 12.2.0-14) 12.2.0, 64-bit
2024-10-28 02:46:50.446 UTC [1] LOG:  listening on IPv4 address "0.0.0.0", port 5432
2024-10-28 02:46:50.446 UTC [1] LOG:  listening on IPv6 address "::", port 5432
2024-10-28 02:46:50.460 UTC [1] LOG:  listening on Unix socket "/var/run/postgresql/.s.PGSQL.5432"
2024-10-28 02:46:50.487 UTC [30] LOG:  database system was shut down in recovery at 2024-10-28 02:46:12 UTC
2024-10-28 02:46:50.491 UTC [30] LOG:  entering standby mode
2024-10-28 02:46:50.515 UTC [30] LOG:  redo starts at 0/140000D8
2024-10-28 02:46:50.516 UTC [30] LOG:  consistent recovery state reached at 0/140001C0
2024-10-28 02:46:50.516 UTC [1] LOG:  database system is ready to accept read-only connections
2024-10-28 02:46:50.516 UTC [30] LOG:  invalid record length at 0/140001C0: expected at least 24, got 0
2024-10-28 02:46:50.523 UTC [31] FATAL:  could not connect to the primary server: connection to server at "172.19.0.5", port 5432 failed: FATAL:  the database system is starting up
2024-10-28 02:46:50.533 UTC [34] LOG:  started streaming WAL from primary at 0/14000000 on timeline 1
2024-10-28 02:48:11.162 UTC [1] LOG:  received fast shutdown request
2024-10-28 02:48:11.172 UTC [1] LOG:  aborting any active transactions
2024-10-28 02:48:11.172 UTC [34] FATAL:  terminating walreceiver process due to administrator command
2024-10-28 02:48:11.173 UTC [28] LOG:  shutting down
2024-10-28 02:48:11.173 UTC [28] LOG:  restartpoint starting: shutdown immediate
2024-10-28 02:48:11.233 UTC [28] LOG:  restartpoint complete: wrote 2 buffers (0.0%); 0 WAL file(s) added, 0 removed, 1 recycled; write=0.014 s, sync=0.003 s, total=0.061 s; sync files=1, longest=0.003 s, average=0.003 s; distance=16383 kB, estimate=16383 kB; lsn=0/15000028, redo lsn=0/15000028
2024-10-28 02:48:11.233 UTC [28] LOG:  recovery restart point at 0/15000028
2024-10-28 02:48:11.240 UTC [1] LOG:  database system is shut down
