2024-10-26 17:18:55.757 UTC [1] LOG:  starting PostgreSQL 16.4 (Debian 16.4-1.pgdg120+2) on aarch64-unknown-linux-gnu, compiled by gcc (Debian 12.2.0-14) 12.2.0, 64-bit
2024-10-26 17:18:55.757 UTC [1] LOG:  listening on IPv4 address "0.0.0.0", port 5432
2024-10-26 17:18:55.757 UTC [1] LOG:  listening on IPv6 address "::", port 5432
2024-10-26 17:18:55.765 UTC [1] LOG:  listening on Unix socket "/var/run/postgresql/.s.PGSQL.5432"
2024-10-26 17:18:55.799 UTC [31] LOG:  database system was shut down at 2024-10-26 17:18:36 UTC
2024-10-26 17:18:55.877 UTC [1] LOG:  database system is ready to accept connections
cp: cannot create regular file '/database/postgres/data/archive/000000010000000000000001': No such file or directory
2024-10-26 17:18:55.896 UTC [34] LOG:  archive command failed with exit code 1
2024-10-26 17:18:55.896 UTC [34] DETAIL:  The failed archive command was: test ! -f /database/postgres/data/archive/000000010000000000000001 && cp pg_wal/000000010000000000000001 /database/postgres/data/archive/000000010000000000000001
cp: cannot create regular file '/database/postgres/data/archive/000000010000000000000001': No such file or directory
2024-10-26 17:18:56.900 UTC [34] LOG:  archive command failed with exit code 1
2024-10-26 17:18:56.900 UTC [34] DETAIL:  The failed archive command was: test ! -f /database/postgres/data/archive/000000010000000000000001 && cp pg_wal/000000010000000000000001 /database/postgres/data/archive/000000010000000000000001
cp: cannot create regular file '/database/postgres/data/archive/000000010000000000000001': No such file or directory
2024-10-26 17:18:57.903 UTC [34] LOG:  archive command failed with exit code 1
2024-10-26 17:18:57.903 UTC [34] DETAIL:  The failed archive command was: test ! -f /database/postgres/data/archive/000000010000000000000001 && cp pg_wal/000000010000000000000001 /database/postgres/data/archive/000000010000000000000001
2024-10-26 17:18:57.903 UTC [34] WARNING:  archiving write-ahead log file "000000010000000000000001" failed too many times, will try again later
2024-10-26 17:19:28.517 UTC [29] LOG:  checkpoint starting: force wait
cp: cannot create regular file '/database/postgres/data/archive/000000010000000000000001': No such file or directory
2024-10-26 17:19:28.541 UTC [34] LOG:  archive command failed with exit code 1
2024-10-26 17:19:28.541 UTC [34] DETAIL:  The failed archive command was: test ! -f /database/postgres/data/archive/000000010000000000000001 && cp pg_wal/000000010000000000000001 /database/postgres/data/archive/000000010000000000000001
2024-10-26 17:19:29.457 UTC [29] LOG:  checkpoint complete: wrote 3 buffers (0.0%); 0 WAL file(s) added, 0 removed, 0 recycled; write=0.057 s, sync=0.025 s, total=0.940 s; sync files=2, longest=0.014 s, average=0.013 s; distance=16384 kB, estimate=16384 kB; lsn=0/11000098, redo lsn=0/11000060
cp: cannot create regular file '/database/postgres/data/archive/000000010000000000000001': No such file or directory
2024-10-26 17:19:29.547 UTC [34] LOG:  archive command failed with exit code 1
2024-10-26 17:19:29.547 UTC [34] DETAIL:  The failed archive command was: test ! -f /database/postgres/data/archive/000000010000000000000001 && cp pg_wal/000000010000000000000001 /database/postgres/data/archive/000000010000000000000001
cp: cannot create regular file '/database/postgres/data/archive/000000010000000000000001': No such file or directory
2024-10-26 17:19:30.551 UTC [34] LOG:  archive command failed with exit code 1
2024-10-26 17:19:30.551 UTC [34] DETAIL:  The failed archive command was: test ! -f /database/postgres/data/archive/000000010000000000000001 && cp pg_wal/000000010000000000000001 /database/postgres/data/archive/000000010000000000000001
2024-10-26 17:19:30.551 UTC [34] WARNING:  archiving write-ahead log file "000000010000000000000001" failed too many times, will try again later
