2024-10-26 16:49:37.374 UTC [1] LOG:  starting PostgreSQL 16.4 (Debian 16.4-1.pgdg120+2) on aarch64-unknown-linux-gnu, compiled by gcc (Debian 12.2.0-14) 12.2.0, 64-bit
2024-10-26 16:49:37.374 UTC [1] LOG:  listening on IPv4 address "0.0.0.0", port 5432
2024-10-26 16:49:37.374 UTC [1] LOG:  listening on IPv6 address "::", port 5432
2024-10-26 16:49:37.384 UTC [1] LOG:  listening on Unix socket "/var/run/postgresql/.s.PGSQL.5432"
2024-10-26 16:49:37.419 UTC [32] LOG:  database system was shut down at 2024-10-26 16:44:24 UTC
2024-10-26 16:49:37.495 UTC [1] LOG:  database system is ready to accept connections
cp: cannot create regular file '/database/postgres/data/archive/000000010000000000000001': No such file or directory
2024-10-26 16:49:37.506 UTC [35] LOG:  archive command failed with exit code 1
2024-10-26 16:49:37.506 UTC [35] DETAIL:  The failed archive command was: test ! -f /database/postgres/data/archive/000000010000000000000001 && cp pg_wal/000000010000000000000001 /database/postgres/data/archive/000000010000000000000001
cp: cannot create regular file '/database/postgres/data/archive/000000010000000000000001': No such file or directory
2024-10-26 16:49:38.511 UTC [35] LOG:  archive command failed with exit code 1
2024-10-26 16:49:38.511 UTC [35] DETAIL:  The failed archive command was: test ! -f /database/postgres/data/archive/000000010000000000000001 && cp pg_wal/000000010000000000000001 /database/postgres/data/archive/000000010000000000000001
cp: cannot create regular file '/database/postgres/data/archive/000000010000000000000001': No such file or directory
2024-10-26 16:49:39.523 UTC [35] LOG:  archive command failed with exit code 1
2024-10-26 16:49:39.523 UTC [35] DETAIL:  The failed archive command was: test ! -f /database/postgres/data/archive/000000010000000000000001 && cp pg_wal/000000010000000000000001 /database/postgres/data/archive/000000010000000000000001
2024-10-26 16:49:39.523 UTC [35] WARNING:  archiving write-ahead log file "000000010000000000000001" failed too many times, will try again later
cp: cannot create regular file '/database/postgres/data/archive/000000010000000000000001': No such file or directory
2024-10-26 16:50:39.554 UTC [35] LOG:  archive command failed with exit code 1
2024-10-26 16:50:39.554 UTC [35] DETAIL:  The failed archive command was: test ! -f /database/postgres/data/archive/000000010000000000000001 && cp pg_wal/000000010000000000000001 /database/postgres/data/archive/000000010000000000000001
cp: cannot create regular file '/database/postgres/data/archive/000000010000000000000001': No such file or directory
2024-10-26 16:50:40.563 UTC [35] LOG:  archive command failed with exit code 1
2024-10-26 16:50:40.563 UTC [35] DETAIL:  The failed archive command was: test ! -f /database/postgres/data/archive/000000010000000000000001 && cp pg_wal/000000010000000000000001 /database/postgres/data/archive/000000010000000000000001
cp: cannot create regular file '/database/postgres/data/archive/000000010000000000000001': No such file or directory
2024-10-26 16:50:41.597 UTC [35] LOG:  archive command failed with exit code 1
2024-10-26 16:50:41.597 UTC [35] DETAIL:  The failed archive command was: test ! -f /database/postgres/data/archive/000000010000000000000001 && cp pg_wal/000000010000000000000001 /database/postgres/data/archive/000000010000000000000001
2024-10-26 16:50:41.597 UTC [35] WARNING:  archiving write-ahead log file "000000010000000000000001" failed too many times, will try again later
2024-10-26 16:51:25.422 UTC [1] LOG:  received fast shutdown request
2024-10-26 16:51:25.432 UTC [1] LOG:  aborting any active transactions
2024-10-26 16:51:25.433 UTC [41] snj@snj_db FATAL:  terminating connection due to administrator command
2024-10-26 16:51:25.441 UTC [1] LOG:  background worker "logical replication launcher" (PID 36) exited with exit code 1
2024-10-26 16:51:25.443 UTC [30] LOG:  shutting down
2024-10-26 16:51:27.324 UTC [30] LOG:  checkpoint starting: shutdown immediate
cp: cannot create regular file '/database/postgres/data/archive/000000010000000000000001': No such file or directory
2024-10-26 16:51:27.328 UTC [35] LOG:  archive command failed with exit code 1
2024-10-26 16:51:27.328 UTC [35] DETAIL:  The failed archive command was: test ! -f /database/postgres/data/archive/000000010000000000000001 && cp pg_wal/000000010000000000000001 /database/postgres/data/archive/000000010000000000000001
2024-10-26 16:51:27.744 UTC [30] LOG:  checkpoint complete: wrote 3 buffers (0.0%); 0 WAL file(s) added, 0 removed, 0 recycled; write=0.010 s, sync=0.003 s, total=0.426 s; sync files=2, longest=0.002 s, average=0.002 s; distance=16384 kB, estimate=16384 kB; lsn=0/7000028, redo lsn=0/7000028
cp: cannot create regular file '/database/postgres/data/archive/000000010000000000000001': No such file or directory
2024-10-26 16:51:27.781 UTC [35] LOG:  archive command failed with exit code 1
2024-10-26 16:51:27.781 UTC [35] DETAIL:  The failed archive command was: test ! -f /database/postgres/data/archive/000000010000000000000001 && cp pg_wal/000000010000000000000001 /database/postgres/data/archive/000000010000000000000001
cp: cannot create regular file '/database/postgres/data/archive/000000010000000000000001': No such file or directory
2024-10-26 16:51:28.808 UTC [35] LOG:  archive command failed with exit code 1
2024-10-26 16:51:28.808 UTC [35] DETAIL:  The failed archive command was: test ! -f /database/postgres/data/archive/000000010000000000000001 && cp pg_wal/000000010000000000000001 /database/postgres/data/archive/000000010000000000000001
2024-10-26 16:51:28.808 UTC [35] WARNING:  archiving write-ahead log file "000000010000000000000001" failed too many times, will try again later
cp: cannot create regular file '/database/postgres/data/archive/000000010000000000000001': No such file or directory
2024-10-26 16:51:28.824 UTC [35] LOG:  archive command failed with exit code 1
2024-10-26 16:51:28.824 UTC [35] DETAIL:  The failed archive command was: test ! -f /database/postgres/data/archive/000000010000000000000001 && cp pg_wal/000000010000000000000001 /database/postgres/data/archive/000000010000000000000001
cp: cannot create regular file '/database/postgres/data/archive/000000010000000000000001': No such file or directory
2024-10-26 16:51:29.845 UTC [35] LOG:  archive command failed with exit code 1
2024-10-26 16:51:29.845 UTC [35] DETAIL:  The failed archive command was: test ! -f /database/postgres/data/archive/000000010000000000000001 && cp pg_wal/000000010000000000000001 /database/postgres/data/archive/000000010000000000000001
cp: cannot create regular file '/database/postgres/data/archive/000000010000000000000001': No such file or directory
2024-10-26 16:51:30.876 UTC [35] LOG:  archive command failed with exit code 1
2024-10-26 16:51:30.876 UTC [35] DETAIL:  The failed archive command was: test ! -f /database/postgres/data/archive/000000010000000000000001 && cp pg_wal/000000010000000000000001 /database/postgres/data/archive/000000010000000000000001
2024-10-26 16:51:30.876 UTC [35] WARNING:  archiving write-ahead log file "000000010000000000000001" failed too many times, will try again later
2024-10-26 16:51:30.898 UTC [1] LOG:  database system is shut down
