2024-10-26 16:26:24.519 UTC [1] LOG:  starting PostgreSQL 16.4 (Debian 16.4-1.pgdg120+2) on aarch64-unknown-linux-gnu, compiled by gcc (Debian 12.2.0-14) 12.2.0, 64-bit
2024-10-26 16:26:24.519 UTC [1] LOG:  listening on IPv4 address "0.0.0.0", port 5432
2024-10-26 16:26:24.519 UTC [1] LOG:  listening on IPv6 address "::", port 5432
2024-10-26 16:26:24.528 UTC [1] LOG:  listening on Unix socket "/var/run/postgresql/.s.PGSQL.5432"
2024-10-26 16:26:24.558 UTC [34] LOG:  database system was shut down at 2024-10-26 16:26:18 UTC
2024-10-26 16:26:24.601 UTC [1] LOG:  database system is ready to accept connections
2024-10-26 16:27:28.063 UTC [51] root@root FATAL:  role "root" does not exist
2024-10-26 16:29:13.567 UTC [1] LOG:  received fast shutdown request
2024-10-26 16:29:13.575 UTC [1] LOG:  aborting any active transactions
2024-10-26 16:29:13.579 UTC [1] LOG:  background worker "logical replication launcher" (PID 38) exited with exit code 1
2024-10-26 16:29:13.581 UTC [32] LOG:  shutting down
2024-10-26 16:29:14.130 UTC [32] LOG:  checkpoint starting: shutdown immediate
cp: cannot create regular file '/database/postgres/data/archive/000000010000000000000001': No such file or directory
2024-10-26 16:29:14.141 UTC [37] LOG:  archive command failed with exit code 1
2024-10-26 16:29:14.141 UTC [37] DETAIL:  The failed archive command was: test ! -f /database/postgres/data/archive/000000010000000000000001 && cp pg_wal/000000010000000000000001 /database/postgres/data/archive/000000010000000000000001
2024-10-26 16:29:14.567 UTC [32] LOG:  checkpoint complete: wrote 6 buffers (0.0%); 0 WAL file(s) added, 0 removed, 0 recycled; write=0.019 s, sync=0.003 s, total=0.440 s; sync files=5, longest=0.002 s, average=0.001 s; distance=6508 kB, estimate=6508 kB; lsn=0/2000028, redo lsn=0/2000028
cp: cannot create regular file '/database/postgres/data/archive/000000010000000000000001': No such file or directory
2024-10-26 16:29:14.603 UTC [37] LOG:  archive command failed with exit code 1
2024-10-26 16:29:14.603 UTC [37] DETAIL:  The failed archive command was: test ! -f /database/postgres/data/archive/000000010000000000000001 && cp pg_wal/000000010000000000000001 /database/postgres/data/archive/000000010000000000000001
cp: cannot create regular file '/database/postgres/data/archive/000000010000000000000001': No such file or directory
2024-10-26 16:29:15.621 UTC [37] LOG:  archive command failed with exit code 1
2024-10-26 16:29:15.621 UTC [37] DETAIL:  The failed archive command was: test ! -f /database/postgres/data/archive/000000010000000000000001 && cp pg_wal/000000010000000000000001 /database/postgres/data/archive/000000010000000000000001
2024-10-26 16:29:15.621 UTC [37] WARNING:  archiving write-ahead log file "000000010000000000000001" failed too many times, will try again later
cp: cannot create regular file '/database/postgres/data/archive/000000010000000000000001': No such file or directory
2024-10-26 16:29:15.629 UTC [37] LOG:  archive command failed with exit code 1
2024-10-26 16:29:15.629 UTC [37] DETAIL:  The failed archive command was: test ! -f /database/postgres/data/archive/000000010000000000000001 && cp pg_wal/000000010000000000000001 /database/postgres/data/archive/000000010000000000000001
cp: cannot create regular file '/database/postgres/data/archive/000000010000000000000001': No such file or directory
2024-10-26 16:29:16.663 UTC [37] LOG:  archive command failed with exit code 1
2024-10-26 16:29:16.663 UTC [37] DETAIL:  The failed archive command was: test ! -f /database/postgres/data/archive/000000010000000000000001 && cp pg_wal/000000010000000000000001 /database/postgres/data/archive/000000010000000000000001
cp: cannot create regular file '/database/postgres/data/archive/000000010000000000000001': No such file or directory
2024-10-26 16:29:17.690 UTC [37] LOG:  archive command failed with exit code 1
2024-10-26 16:29:17.690 UTC [37] DETAIL:  The failed archive command was: test ! -f /database/postgres/data/archive/000000010000000000000001 && cp pg_wal/000000010000000000000001 /database/postgres/data/archive/000000010000000000000001
2024-10-26 16:29:17.690 UTC [37] WARNING:  archiving write-ahead log file "000000010000000000000001" failed too many times, will try again later
2024-10-26 16:29:17.709 UTC [1] LOG:  database system is shut down
