2024-10-26 16:43:43.157 UTC [1] LOG:  starting PostgreSQL 16.4 (Debian 16.4-1.pgdg120+2) on aarch64-unknown-linux-gnu, compiled by gcc (Debian 12.2.0-14) 12.2.0, 64-bit
2024-10-26 16:43:43.157 UTC [1] LOG:  listening on IPv4 address "0.0.0.0", port 5432
2024-10-26 16:43:43.157 UTC [1] LOG:  listening on IPv6 address "::", port 5432
2024-10-26 16:43:43.172 UTC [1] LOG:  listening on Unix socket "/var/run/postgresql/.s.PGSQL.5432"
2024-10-26 16:43:43.236 UTC [31] LOG:  database system was shut down at 2024-10-26 16:41:50 UTC
2024-10-26 16:43:43.354 UTC [1] LOG:  database system is ready to accept connections
cp: cannot create regular file '/database/postgres/data/archive/000000010000000000000001': No such file or directory
2024-10-26 16:43:43.369 UTC [34] LOG:  archive command failed with exit code 1
2024-10-26 16:43:43.369 UTC [34] DETAIL:  The failed archive command was: test ! -f /database/postgres/data/archive/000000010000000000000001 && cp pg_wal/000000010000000000000001 /database/postgres/data/archive/000000010000000000000001
cp: cannot create regular file '/database/postgres/data/archive/000000010000000000000001': No such file or directory
2024-10-26 16:43:44.374 UTC [34] LOG:  archive command failed with exit code 1
2024-10-26 16:43:44.374 UTC [34] DETAIL:  The failed archive command was: test ! -f /database/postgres/data/archive/000000010000000000000001 && cp pg_wal/000000010000000000000001 /database/postgres/data/archive/000000010000000000000001
cp: cannot create regular file '/database/postgres/data/archive/000000010000000000000001': No such file or directory
2024-10-26 16:43:45.386 UTC [34] LOG:  archive command failed with exit code 1
2024-10-26 16:43:45.386 UTC [34] DETAIL:  The failed archive command was: test ! -f /database/postgres/data/archive/000000010000000000000001 && cp pg_wal/000000010000000000000001 /database/postgres/data/archive/000000010000000000000001
2024-10-26 16:43:45.386 UTC [34] WARNING:  archiving write-ahead log file "000000010000000000000001" failed too many times, will try again later
2024-10-26 16:44:22.213 UTC [1] LOG:  received fast shutdown request
2024-10-26 16:44:22.222 UTC [1] LOG:  aborting any active transactions
2024-10-26 16:44:22.226 UTC [1] LOG:  background worker "logical replication launcher" (PID 36) exited with exit code 1
2024-10-26 16:44:22.228 UTC [29] LOG:  shutting down
2024-10-26 16:44:24.211 UTC [29] LOG:  checkpoint starting: shutdown immediate
cp: cannot create regular file '/database/postgres/data/archive/000000010000000000000001': No such file or directory
2024-10-26 16:44:24.216 UTC [34] LOG:  archive command failed with exit code 1
2024-10-26 16:44:24.216 UTC [34] DETAIL:  The failed archive command was: test ! -f /database/postgres/data/archive/000000010000000000000001 && cp pg_wal/000000010000000000000001 /database/postgres/data/archive/000000010000000000000001
2024-10-26 16:44:24.645 UTC [29] LOG:  checkpoint complete: wrote 3 buffers (0.0%); 0 WAL file(s) added, 0 removed, 0 recycled; write=0.010 s, sync=0.002 s, total=0.437 s; sync files=2, longest=0.001 s, average=0.001 s; distance=16384 kB, estimate=16384 kB; lsn=0/6000028, redo lsn=0/6000028
cp: cannot create regular file '/database/postgres/data/archive/000000010000000000000001': No such file or directory
2024-10-26 16:44:24.687 UTC [34] LOG:  archive command failed with exit code 1
2024-10-26 16:44:24.687 UTC [34] DETAIL:  The failed archive command was: test ! -f /database/postgres/data/archive/000000010000000000000001 && cp pg_wal/000000010000000000000001 /database/postgres/data/archive/000000010000000000000001
cp: cannot create regular file '/database/postgres/data/archive/000000010000000000000001': No such file or directory
2024-10-26 16:44:25.711 UTC [34] LOG:  archive command failed with exit code 1
2024-10-26 16:44:25.711 UTC [34] DETAIL:  The failed archive command was: test ! -f /database/postgres/data/archive/000000010000000000000001 && cp pg_wal/000000010000000000000001 /database/postgres/data/archive/000000010000000000000001
2024-10-26 16:44:25.711 UTC [34] WARNING:  archiving write-ahead log file "000000010000000000000001" failed too many times, will try again later
cp: cannot create regular file '/database/postgres/data/archive/000000010000000000000001': No such file or directory
2024-10-26 16:44:25.735 UTC [34] LOG:  archive command failed with exit code 1
2024-10-26 16:44:25.735 UTC [34] DETAIL:  The failed archive command was: test ! -f /database/postgres/data/archive/000000010000000000000001 && cp pg_wal/000000010000000000000001 /database/postgres/data/archive/000000010000000000000001
cp: cannot create regular file '/database/postgres/data/archive/000000010000000000000001': No such file or directory
2024-10-26 16:44:26.763 UTC [34] LOG:  archive command failed with exit code 1
2024-10-26 16:44:26.763 UTC [34] DETAIL:  The failed archive command was: test ! -f /database/postgres/data/archive/000000010000000000000001 && cp pg_wal/000000010000000000000001 /database/postgres/data/archive/000000010000000000000001
cp: cannot create regular file '/database/postgres/data/archive/000000010000000000000001': No such file or directory
2024-10-26 16:44:27.780 UTC [34] LOG:  archive command failed with exit code 1
2024-10-26 16:44:27.780 UTC [34] DETAIL:  The failed archive command was: test ! -f /database/postgres/data/archive/000000010000000000000001 && cp pg_wal/000000010000000000000001 /database/postgres/data/archive/000000010000000000000001
2024-10-26 16:44:27.780 UTC [34] WARNING:  archiving write-ahead log file "000000010000000000000001" failed too many times, will try again later
2024-10-26 16:44:27.815 UTC [1] LOG:  database system is shut down
