2024-10-26 17:11:14.976 UTC [1] LOG:  starting PostgreSQL 16.4 (Debian 16.4-1.pgdg120+2) on aarch64-unknown-linux-gnu, compiled by gcc (Debian 12.2.0-14) 12.2.0, 64-bit
2024-10-26 17:11:14.976 UTC [1] LOG:  listening on IPv4 address "0.0.0.0", port 5432
2024-10-26 17:11:14.976 UTC [1] LOG:  listening on IPv6 address "::", port 5432
2024-10-26 17:11:14.984 UTC [1] LOG:  listening on Unix socket "/var/run/postgresql/.s.PGSQL.5432"
2024-10-26 17:11:15.027 UTC [32] LOG:  database system was shut down at 2024-10-26 17:06:46 UTC
2024-10-26 17:11:15.079 UTC [1] LOG:  database system is ready to accept connections
cp: cannot create regular file '/database/postgres/data/archive/000000010000000000000001': No such file or directory
2024-10-26 17:11:15.089 UTC [35] LOG:  archive command failed with exit code 1
2024-10-26 17:11:15.089 UTC [35] DETAIL:  The failed archive command was: test ! -f /database/postgres/data/archive/000000010000000000000001 && cp pg_wal/000000010000000000000001 /database/postgres/data/archive/000000010000000000000001
cp: cannot create regular file '/database/postgres/data/archive/000000010000000000000001': No such file or directory
2024-10-26 17:11:16.094 UTC [35] LOG:  archive command failed with exit code 1
2024-10-26 17:11:16.094 UTC [35] DETAIL:  The failed archive command was: test ! -f /database/postgres/data/archive/000000010000000000000001 && cp pg_wal/000000010000000000000001 /database/postgres/data/archive/000000010000000000000001
cp: cannot create regular file '/database/postgres/data/archive/000000010000000000000001': No such file or directory
2024-10-26 17:11:17.118 UTC [35] LOG:  archive command failed with exit code 1
2024-10-26 17:11:17.118 UTC [35] DETAIL:  The failed archive command was: test ! -f /database/postgres/data/archive/000000010000000000000001 && cp pg_wal/000000010000000000000001 /database/postgres/data/archive/000000010000000000000001
2024-10-26 17:11:17.118 UTC [35] WARNING:  archiving write-ahead log file "000000010000000000000001" failed too many times, will try again later
2024-10-26 17:11:50.004 UTC [30] LOG:  checkpoint starting: force wait
cp: cannot create regular file '/database/postgres/data/archive/000000010000000000000001': No such file or directory
2024-10-26 17:11:50.015 UTC [35] LOG:  archive command failed with exit code 1
2024-10-26 17:11:50.015 UTC [35] DETAIL:  The failed archive command was: test ! -f /database/postgres/data/archive/000000010000000000000001 && cp pg_wal/000000010000000000000001 /database/postgres/data/archive/000000010000000000000001
2024-10-26 17:11:50.413 UTC [30] LOG:  checkpoint complete: wrote 3 buffers (0.0%); 0 WAL file(s) added, 0 removed, 0 recycled; write=0.020 s, sync=0.009 s, total=0.410 s; sync files=2, longest=0.005 s, average=0.005 s; distance=16384 kB, estimate=16384 kB; lsn=0/E000098, redo lsn=0/E000060
cp: cannot create regular file '/database/postgres/data/archive/000000010000000000000001': No such file or directory
2024-10-26 17:11:51.021 UTC [35] LOG:  archive command failed with exit code 1
2024-10-26 17:11:51.021 UTC [35] DETAIL:  The failed archive command was: test ! -f /database/postgres/data/archive/000000010000000000000001 && cp pg_wal/000000010000000000000001 /database/postgres/data/archive/000000010000000000000001
cp: cannot create regular file '/database/postgres/data/archive/000000010000000000000001': No such file or directory
2024-10-26 17:11:52.030 UTC [35] LOG:  archive command failed with exit code 1
2024-10-26 17:11:52.030 UTC [35] DETAIL:  The failed archive command was: test ! -f /database/postgres/data/archive/000000010000000000000001 && cp pg_wal/000000010000000000000001 /database/postgres/data/archive/000000010000000000000001
2024-10-26 17:11:52.030 UTC [35] WARNING:  archiving write-ahead log file "000000010000000000000001" failed too many times, will try again later
cp: cannot create regular file '/database/postgres/data/archive/000000010000000000000001': No such file or directory
2024-10-26 17:12:02.504 UTC [35] LOG:  archive command failed with exit code 1
2024-10-26 17:12:02.504 UTC [35] DETAIL:  The failed archive command was: test ! -f /database/postgres/data/archive/000000010000000000000001 && cp pg_wal/000000010000000000000001 /database/postgres/data/archive/000000010000000000000001
cp: cannot create regular file '/database/postgres/data/archive/000000010000000000000001': No such file or directory
2024-10-26 17:12:03.507 UTC [35] LOG:  archive command failed with exit code 1
2024-10-26 17:12:03.507 UTC [35] DETAIL:  The failed archive command was: test ! -f /database/postgres/data/archive/000000010000000000000001 && cp pg_wal/000000010000000000000001 /database/postgres/data/archive/000000010000000000000001
cp: cannot create regular file '/database/postgres/data/archive/000000010000000000000001': No such file or directory
2024-10-26 17:12:04.512 UTC [35] LOG:  archive command failed with exit code 1
2024-10-26 17:12:04.512 UTC [35] DETAIL:  The failed archive command was: test ! -f /database/postgres/data/archive/000000010000000000000001 && cp pg_wal/000000010000000000000001 /database/postgres/data/archive/000000010000000000000001
2024-10-26 17:12:04.512 UTC [35] WARNING:  archiving write-ahead log file "000000010000000000000001" failed too many times, will try again later
cp: cannot create regular file '/database/postgres/data/archive/000000010000000000000001': No such file or directory
2024-10-26 17:12:04.519 UTC [35] LOG:  archive command failed with exit code 1
2024-10-26 17:12:04.519 UTC [35] DETAIL:  The failed archive command was: test ! -f /database/postgres/data/archive/000000010000000000000001 && cp pg_wal/000000010000000000000001 /database/postgres/data/archive/000000010000000000000001
cp: cannot create regular file '/database/postgres/data/archive/000000010000000000000001': No such file or directory
2024-10-26 17:12:05.523 UTC [35] LOG:  archive command failed with exit code 1
2024-10-26 17:12:05.523 UTC [35] DETAIL:  The failed archive command was: test ! -f /database/postgres/data/archive/000000010000000000000001 && cp pg_wal/000000010000000000000001 /database/postgres/data/archive/000000010000000000000001
cp: cannot create regular file '/database/postgres/data/archive/000000010000000000000001': No such file or directory
2024-10-26 17:12:06.537 UTC [35] LOG:  archive command failed with exit code 1
2024-10-26 17:12:06.537 UTC [35] DETAIL:  The failed archive command was: test ! -f /database/postgres/data/archive/000000010000000000000001 && cp pg_wal/000000010000000000000001 /database/postgres/data/archive/000000010000000000000001
2024-10-26 17:12:06.537 UTC [35] WARNING:  archiving write-ahead log file "000000010000000000000001" failed too many times, will try again later
cp: cannot create regular file '/database/postgres/data/archive/000000010000000000000001': No such file or directory
2024-10-26 17:13:06.632 UTC [35] LOG:  archive command failed with exit code 1
2024-10-26 17:13:06.632 UTC [35] DETAIL:  The failed archive command was: test ! -f /database/postgres/data/archive/000000010000000000000001 && cp pg_wal/000000010000000000000001 /database/postgres/data/archive/000000010000000000000001
cp: cannot create regular file '/database/postgres/data/archive/000000010000000000000001': No such file or directory
2024-10-26 17:13:07.657 UTC [35] LOG:  archive command failed with exit code 1
2024-10-26 17:13:07.657 UTC [35] DETAIL:  The failed archive command was: test ! -f /database/postgres/data/archive/000000010000000000000001 && cp pg_wal/000000010000000000000001 /database/postgres/data/archive/000000010000000000000001
cp: cannot create regular file '/database/postgres/data/archive/000000010000000000000001': No such file or directory
2024-10-26 17:13:08.677 UTC [35] LOG:  archive command failed with exit code 1
2024-10-26 17:13:08.677 UTC [35] DETAIL:  The failed archive command was: test ! -f /database/postgres/data/archive/000000010000000000000001 && cp pg_wal/000000010000000000000001 /database/postgres/data/archive/000000010000000000000001
2024-10-26 17:13:08.677 UTC [35] WARNING:  archiving write-ahead log file "000000010000000000000001" failed too many times, will try again later
cp: cannot create regular file '/database/postgres/data/archive/000000010000000000000001': No such file or directory
2024-10-26 17:14:08.750 UTC [35] LOG:  archive command failed with exit code 1
2024-10-26 17:14:08.750 UTC [35] DETAIL:  The failed archive command was: test ! -f /database/postgres/data/archive/000000010000000000000001 && cp pg_wal/000000010000000000000001 /database/postgres/data/archive/000000010000000000000001
cp: cannot create regular file '/database/postgres/data/archive/000000010000000000000001': No such file or directory
2024-10-26 17:14:09.779 UTC [35] LOG:  archive command failed with exit code 1
2024-10-26 17:14:09.779 UTC [35] DETAIL:  The failed archive command was: test ! -f /database/postgres/data/archive/000000010000000000000001 && cp pg_wal/000000010000000000000001 /database/postgres/data/archive/000000010000000000000001
cp: cannot create regular file '/database/postgres/data/archive/000000010000000000000001': No such file or directory
2024-10-26 17:14:10.804 UTC [35] LOG:  archive command failed with exit code 1
2024-10-26 17:14:10.804 UTC [35] DETAIL:  The failed archive command was: test ! -f /database/postgres/data/archive/000000010000000000000001 && cp pg_wal/000000010000000000000001 /database/postgres/data/archive/000000010000000000000001
2024-10-26 17:14:10.805 UTC [35] WARNING:  archiving write-ahead log file "000000010000000000000001" failed too many times, will try again later
cp: cannot create regular file '/database/postgres/data/archive/000000010000000000000001': No such file or directory
2024-10-26 17:15:10.860 UTC [35] LOG:  archive command failed with exit code 1
2024-10-26 17:15:10.860 UTC [35] DETAIL:  The failed archive command was: test ! -f /database/postgres/data/archive/000000010000000000000001 && cp pg_wal/000000010000000000000001 /database/postgres/data/archive/000000010000000000000001
cp: cannot create regular file '/database/postgres/data/archive/000000010000000000000001': No such file or directory
2024-10-26 17:15:11.894 UTC [35] LOG:  archive command failed with exit code 1
2024-10-26 17:15:11.894 UTC [35] DETAIL:  The failed archive command was: test ! -f /database/postgres/data/archive/000000010000000000000001 && cp pg_wal/000000010000000000000001 /database/postgres/data/archive/000000010000000000000001
cp: cannot create regular file '/database/postgres/data/archive/000000010000000000000001': No such file or directory
2024-10-26 17:15:12.921 UTC [35] LOG:  archive command failed with exit code 1
2024-10-26 17:15:12.921 UTC [35] DETAIL:  The failed archive command was: test ! -f /database/postgres/data/archive/000000010000000000000001 && cp pg_wal/000000010000000000000001 /database/postgres/data/archive/000000010000000000000001
2024-10-26 17:15:12.921 UTC [35] WARNING:  archiving write-ahead log file "000000010000000000000001" failed too many times, will try again later
cp: cannot create regular file '/database/postgres/data/archive/000000010000000000000001': No such file or directory
2024-10-26 17:16:12.987 UTC [35] LOG:  archive command failed with exit code 1
2024-10-26 17:16:12.987 UTC [35] DETAIL:  The failed archive command was: test ! -f /database/postgres/data/archive/000000010000000000000001 && cp pg_wal/000000010000000000000001 /database/postgres/data/archive/000000010000000000000001
cp: cannot create regular file '/database/postgres/data/archive/000000010000000000000001': No such file or directory
2024-10-26 17:16:14.008 UTC [35] LOG:  archive command failed with exit code 1
2024-10-26 17:16:14.008 UTC [35] DETAIL:  The failed archive command was: test ! -f /database/postgres/data/archive/000000010000000000000001 && cp pg_wal/000000010000000000000001 /database/postgres/data/archive/000000010000000000000001
cp: cannot create regular file '/database/postgres/data/archive/000000010000000000000001': No such file or directory
2024-10-26 17:16:15.038 UTC [35] LOG:  archive command failed with exit code 1
2024-10-26 17:16:15.038 UTC [35] DETAIL:  The failed archive command was: test ! -f /database/postgres/data/archive/000000010000000000000001 && cp pg_wal/000000010000000000000001 /database/postgres/data/archive/000000010000000000000001
2024-10-26 17:16:15.038 UTC [35] WARNING:  archiving write-ahead log file "000000010000000000000001" failed too many times, will try again later
2024-10-26 17:16:50.518 UTC [30] LOG:  checkpoint starting: time
2024-10-26 17:16:51.232 UTC [30] LOG:  checkpoint complete: wrote 6 buffers (0.0%); 0 WAL file(s) added, 0 removed, 0 recycled; write=0.608 s, sync=0.013 s, total=0.715 s; sync files=6, longest=0.009 s, average=0.002 s; distance=16385 kB, estimate=16385 kB; lsn=0/F000710, redo lsn=0/F0006D8
cp: cannot create regular file '/database/postgres/data/archive/000000010000000000000001': No such file or directory
2024-10-26 17:17:15.134 UTC [35] LOG:  archive command failed with exit code 1
2024-10-26 17:17:15.134 UTC [35] DETAIL:  The failed archive command was: test ! -f /database/postgres/data/archive/000000010000000000000001 && cp pg_wal/000000010000000000000001 /database/postgres/data/archive/000000010000000000000001
cp: cannot create regular file '/database/postgres/data/archive/000000010000000000000001': No such file or directory
2024-10-26 17:17:16.158 UTC [35] LOG:  archive command failed with exit code 1
2024-10-26 17:17:16.158 UTC [35] DETAIL:  The failed archive command was: test ! -f /database/postgres/data/archive/000000010000000000000001 && cp pg_wal/000000010000000000000001 /database/postgres/data/archive/000000010000000000000001
cp: cannot create regular file '/database/postgres/data/archive/000000010000000000000001': No such file or directory
2024-10-26 17:17:17.193 UTC [35] LOG:  archive command failed with exit code 1
2024-10-26 17:17:17.193 UTC [35] DETAIL:  The failed archive command was: test ! -f /database/postgres/data/archive/000000010000000000000001 && cp pg_wal/000000010000000000000001 /database/postgres/data/archive/000000010000000000000001
2024-10-26 17:17:17.193 UTC [35] WARNING:  archiving write-ahead log file "000000010000000000000001" failed too many times, will try again later
cp: cannot create regular file '/database/postgres/data/archive/000000010000000000000001': No such file or directory
2024-10-26 17:18:17.267 UTC [35] LOG:  archive command failed with exit code 1
2024-10-26 17:18:17.267 UTC [35] DETAIL:  The failed archive command was: test ! -f /database/postgres/data/archive/000000010000000000000001 && cp pg_wal/000000010000000000000001 /database/postgres/data/archive/000000010000000000000001
cp: cannot create regular file '/database/postgres/data/archive/000000010000000000000001': No such file or directory
2024-10-26 17:18:18.289 UTC [35] LOG:  archive command failed with exit code 1
2024-10-26 17:18:18.289 UTC [35] DETAIL:  The failed archive command was: test ! -f /database/postgres/data/archive/000000010000000000000001 && cp pg_wal/000000010000000000000001 /database/postgres/data/archive/000000010000000000000001
cp: cannot create regular file '/database/postgres/data/archive/000000010000000000000001': No such file or directory
2024-10-26 17:18:19.307 UTC [35] LOG:  archive command failed with exit code 1
2024-10-26 17:18:19.307 UTC [35] DETAIL:  The failed archive command was: test ! -f /database/postgres/data/archive/000000010000000000000001 && cp pg_wal/000000010000000000000001 /database/postgres/data/archive/000000010000000000000001
2024-10-26 17:18:19.307 UTC [35] WARNING:  archiving write-ahead log file "000000010000000000000001" failed too many times, will try again later
2024-10-26 17:18:33.606 UTC [1] LOG:  received fast shutdown request
2024-10-26 17:18:33.611 UTC [1] LOG:  aborting any active transactions
2024-10-26 17:18:33.611 UTC [90] snj@snj_db FATAL:  terminating connection due to administrator command
2024-10-26 17:18:33.612 UTC [42] snj@snj_db FATAL:  terminating connection due to administrator command
2024-10-26 17:18:33.615 UTC [39] snj@snj_db FATAL:  terminating connection due to administrator command
2024-10-26 17:18:33.623 UTC [1] LOG:  background worker "logical replication launcher" (PID 36) exited with exit code 1
2024-10-26 17:18:33.633 UTC [30] LOG:  shutting down
2024-10-26 17:18:35.610 UTC [30] LOG:  checkpoint starting: shutdown immediate
cp: cannot create regular file '/database/postgres/data/archive/000000010000000000000001': No such file or directory
2024-10-26 17:18:35.616 UTC [35] LOG:  archive command failed with exit code 1
2024-10-26 17:18:35.616 UTC [35] DETAIL:  The failed archive command was: test ! -f /database/postgres/data/archive/000000010000000000000001 && cp pg_wal/000000010000000000000001 /database/postgres/data/archive/000000010000000000000001
2024-10-26 17:18:36.035 UTC [30] LOG:  checkpoint complete: wrote 0 buffers (0.0%); 0 WAL file(s) added, 0 removed, 0 recycled; write=0.002 s, sync=0.001 s, total=0.428 s; sync files=0, longest=0.000 s, average=0.000 s; distance=16382 kB, estimate=16385 kB; lsn=0/10000028, redo lsn=0/10000028
cp: cannot create regular file '/database/postgres/data/archive/000000010000000000000001': No such file or directory
2024-10-26 17:18:36.074 UTC [35] LOG:  archive command failed with exit code 1
2024-10-26 17:18:36.074 UTC [35] DETAIL:  The failed archive command was: test ! -f /database/postgres/data/archive/000000010000000000000001 && cp pg_wal/000000010000000000000001 /database/postgres/data/archive/000000010000000000000001
cp: cannot create regular file '/database/postgres/data/archive/000000010000000000000001': No such file or directory
2024-10-26 17:18:37.098 UTC [35] LOG:  archive command failed with exit code 1
2024-10-26 17:18:37.098 UTC [35] DETAIL:  The failed archive command was: test ! -f /database/postgres/data/archive/000000010000000000000001 && cp pg_wal/000000010000000000000001 /database/postgres/data/archive/000000010000000000000001
2024-10-26 17:18:37.098 UTC [35] WARNING:  archiving write-ahead log file "000000010000000000000001" failed too many times, will try again later
cp: cannot create regular file '/database/postgres/data/archive/000000010000000000000001': No such file or directory
2024-10-26 17:18:37.108 UTC [35] LOG:  archive command failed with exit code 1
2024-10-26 17:18:37.108 UTC [35] DETAIL:  The failed archive command was: test ! -f /database/postgres/data/archive/000000010000000000000001 && cp pg_wal/000000010000000000000001 /database/postgres/data/archive/000000010000000000000001
cp: cannot create regular file '/database/postgres/data/archive/000000010000000000000001': No such file or directory
2024-10-26 17:18:38.123 UTC [35] LOG:  archive command failed with exit code 1
2024-10-26 17:18:38.123 UTC [35] DETAIL:  The failed archive command was: test ! -f /database/postgres/data/archive/000000010000000000000001 && cp pg_wal/000000010000000000000001 /database/postgres/data/archive/000000010000000000000001
cp: cannot create regular file '/database/postgres/data/archive/000000010000000000000001': No such file or directory
2024-10-26 17:18:39.146 UTC [35] LOG:  archive command failed with exit code 1
2024-10-26 17:18:39.146 UTC [35] DETAIL:  The failed archive command was: test ! -f /database/postgres/data/archive/000000010000000000000001 && cp pg_wal/000000010000000000000001 /database/postgres/data/archive/000000010000000000000001
2024-10-26 17:18:39.146 UTC [35] WARNING:  archiving write-ahead log file "000000010000000000000001" failed too many times, will try again later
2024-10-26 17:18:39.168 UTC [1] LOG:  database system is shut down
