2024-10-28 02:46:50.457 UTC [1] LOG:  starting PostgreSQL 16.4 (Debian 16.4-1.pgdg120+2) on x86_64-pc-linux-gnu, compiled by gcc (Debian 12.2.0-14) 12.2.0, 64-bit
2024-10-28 02:46:50.457 UTC [1] LOG:  listening on IPv4 address "0.0.0.0", port 5432
2024-10-28 02:46:50.457 UTC [1] LOG:  listening on IPv6 address "::", port 5432
2024-10-28 02:46:50.474 UTC [1] LOG:  listening on Unix socket "/var/run/postgresql/.s.PGSQL.5432"
2024-10-28 02:46:50.497 UTC [30] LOG:  database system was shut down at 2024-10-28 02:46:12 UTC
2024-10-28 02:46:50.523 UTC [31] replication@[unknown] FATAL:  the database system is starting up
2024-10-28 02:46:50.525 UTC [1] LOG:  database system is ready to accept connections
cp: cannot create regular file '/database/postgres/data/archive/000000010000000000000001': No such file or directory
2024-10-28 02:46:50.530 UTC [34] LOG:  archive command failed with exit code 1
2024-10-28 02:46:50.530 UTC [34] DETAIL:  The failed archive command was: test ! -f /database/postgres/data/archive/000000010000000000000001 && cp pg_wal/000000010000000000000001 /database/postgres/data/archive/000000010000000000000001
cp: cannot create regular file '/database/postgres/data/archive/000000010000000000000001': No such file or directory
2024-10-28 02:46:51.533 UTC [34] LOG:  archive command failed with exit code 1
2024-10-28 02:46:51.533 UTC [34] DETAIL:  The failed archive command was: test ! -f /database/postgres/data/archive/000000010000000000000001 && cp pg_wal/000000010000000000000001 /database/postgres/data/archive/000000010000000000000001
cp: cannot create regular file '/database/postgres/data/archive/000000010000000000000001': No such file or directory
2024-10-28 02:46:52.536 UTC [34] LOG:  archive command failed with exit code 1
2024-10-28 02:46:52.536 UTC [34] DETAIL:  The failed archive command was: test ! -f /database/postgres/data/archive/000000010000000000000001 && cp pg_wal/000000010000000000000001 /database/postgres/data/archive/000000010000000000000001
2024-10-28 02:46:52.536 UTC [34] WARNING:  archiving write-ahead log file "000000010000000000000001" failed too many times, will try again later
cp: cannot create regular file '/database/postgres/data/archive/000000010000000000000001': No such file or directory
2024-10-28 02:47:52.576 UTC [34] LOG:  archive command failed with exit code 1
2024-10-28 02:47:52.576 UTC [34] DETAIL:  The failed archive command was: test ! -f /database/postgres/data/archive/000000010000000000000001 && cp pg_wal/000000010000000000000001 /database/postgres/data/archive/000000010000000000000001
cp: cannot create regular file '/database/postgres/data/archive/000000010000000000000001': No such file or directory
2024-10-28 02:47:53.580 UTC [34] LOG:  archive command failed with exit code 1
2024-10-28 02:47:53.580 UTC [34] DETAIL:  The failed archive command was: test ! -f /database/postgres/data/archive/000000010000000000000001 && cp pg_wal/000000010000000000000001 /database/postgres/data/archive/000000010000000000000001
cp: cannot create regular file '/database/postgres/data/archive/000000010000000000000001': No such file or directory
2024-10-28 02:47:54.583 UTC [34] LOG:  archive command failed with exit code 1
2024-10-28 02:47:54.583 UTC [34] DETAIL:  The failed archive command was: test ! -f /database/postgres/data/archive/000000010000000000000001 && cp pg_wal/000000010000000000000001 /database/postgres/data/archive/000000010000000000000001
2024-10-28 02:47:54.583 UTC [34] WARNING:  archiving write-ahead log file "000000010000000000000001" failed too many times, will try again later
2024-10-28 02:48:11.187 UTC [1] LOG:  received fast shutdown request
2024-10-28 02:48:11.194 UTC [1] LOG:  aborting any active transactions
2024-10-28 02:48:11.195 UTC [1] LOG:  background worker "logical replication launcher" (PID 35) exited with exit code 1
2024-10-28 02:48:11.195 UTC [28] LOG:  shutting down
2024-10-28 02:48:11.377 UTC [28] LOG:  checkpoint starting: shutdown immediate
cp: cannot create regular file '/database/postgres/data/archive/000000010000000000000001': No such file or directory
2024-10-28 02:48:11.377 UTC [34] LOG:  archive command failed with exit code 1
2024-10-28 02:48:11.377 UTC [34] DETAIL:  The failed archive command was: test ! -f /database/postgres/data/archive/000000010000000000000001 && cp pg_wal/000000010000000000000001 /database/postgres/data/archive/000000010000000000000001
2024-10-28 02:48:11.532 UTC [28] LOG:  checkpoint complete: wrote 3 buffers (0.0%); 0 WAL file(s) added, 0 removed, 0 recycled; write=0.019 s, sync=0.007 s, total=0.159 s; sync files=2, longest=0.004 s, average=0.004 s; distance=16384 kB, estimate=16384 kB; lsn=0/16000028, redo lsn=0/16000028
cp: cannot create regular file '/database/postgres/data/archive/000000010000000000000001': No such file or directory
2024-10-28 02:48:11.541 UTC [34] LOG:  archive command failed with exit code 1
2024-10-28 02:48:11.541 UTC [34] DETAIL:  The failed archive command was: test ! -f /database/postgres/data/archive/000000010000000000000001 && cp pg_wal/000000010000000000000001 /database/postgres/data/archive/000000010000000000000001
cp: cannot create regular file '/database/postgres/data/archive/000000010000000000000001': No such file or directory
2024-10-28 02:48:12.545 UTC [34] LOG:  archive command failed with exit code 1
2024-10-28 02:48:12.545 UTC [34] DETAIL:  The failed archive command was: test ! -f /database/postgres/data/archive/000000010000000000000001 && cp pg_wal/000000010000000000000001 /database/postgres/data/archive/000000010000000000000001
2024-10-28 02:48:12.545 UTC [34] WARNING:  archiving write-ahead log file "000000010000000000000001" failed too many times, will try again later
cp: cannot create regular file '/database/postgres/data/archive/000000010000000000000001': No such file or directory
2024-10-28 02:48:12.548 UTC [34] LOG:  archive command failed with exit code 1
2024-10-28 02:48:12.548 UTC [34] DETAIL:  The failed archive command was: test ! -f /database/postgres/data/archive/000000010000000000000001 && cp pg_wal/000000010000000000000001 /database/postgres/data/archive/000000010000000000000001
cp: cannot create regular file '/database/postgres/data/archive/000000010000000000000001': No such file or directory
2024-10-28 02:48:13.552 UTC [34] LOG:  archive command failed with exit code 1
2024-10-28 02:48:13.552 UTC [34] DETAIL:  The failed archive command was: test ! -f /database/postgres/data/archive/000000010000000000000001 && cp pg_wal/000000010000000000000001 /database/postgres/data/archive/000000010000000000000001
cp: cannot create regular file '/database/postgres/data/archive/000000010000000000000001': No such file or directory
2024-10-28 02:48:14.556 UTC [34] LOG:  archive command failed with exit code 1
2024-10-28 02:48:14.556 UTC [34] DETAIL:  The failed archive command was: test ! -f /database/postgres/data/archive/000000010000000000000001 && cp pg_wal/000000010000000000000001 /database/postgres/data/archive/000000010000000000000001
2024-10-28 02:48:14.556 UTC [34] WARNING:  archiving write-ahead log file "000000010000000000000001" failed too many times, will try again later
2024-10-28 02:48:14.558 UTC [1] LOG:  database system is shut down
