2024-10-28 02:22:30.517 UTC [1] LOG:  starting PostgreSQL 16.4 (Debian 16.4-1.pgdg120+2) on x86_64-pc-linux-gnu, compiled by gcc (Debian 12.2.0-14) 12.2.0, 64-bit
2024-10-28 02:22:30.534 UTC [1] LOG:  listening on IPv4 address "0.0.0.0", port 5432
2024-10-28 02:22:30.534 UTC [1] LOG:  listening on IPv6 address "::", port 5432
2024-10-28 02:22:30.558 UTC [1] LOG:  listening on Unix socket "/var/run/postgresql/.s.PGSQL.5432"
2024-10-28 02:22:30.583 UTC [30] LOG:  database system was shut down at 2024-10-28 01:42:25 UTC
2024-10-28 02:22:30.608 UTC [1] LOG:  database system is ready to accept connections
cp: cannot create regular file '/database/postgres/data/archive/000000010000000000000001': No such file or directory
2024-10-28 02:22:30.614 UTC [33] LOG:  archive command failed with exit code 1
2024-10-28 02:22:30.614 UTC [33] DETAIL:  The failed archive command was: test ! -f /database/postgres/data/archive/000000010000000000000001 && cp pg_wal/000000010000000000000001 /database/postgres/data/archive/000000010000000000000001
cp: cannot create regular file '/database/postgres/data/archive/000000010000000000000001': No such file or directory
2024-10-28 02:22:31.617 UTC [33] LOG:  archive command failed with exit code 1
2024-10-28 02:22:31.617 UTC [33] DETAIL:  The failed archive command was: test ! -f /database/postgres/data/archive/000000010000000000000001 && cp pg_wal/000000010000000000000001 /database/postgres/data/archive/000000010000000000000001
cp: cannot create regular file '/database/postgres/data/archive/000000010000000000000001': No such file or directory
2024-10-28 02:22:32.620 UTC [33] LOG:  archive command failed with exit code 1
2024-10-28 02:22:32.620 UTC [33] DETAIL:  The failed archive command was: test ! -f /database/postgres/data/archive/000000010000000000000001 && cp pg_wal/000000010000000000000001 /database/postgres/data/archive/000000010000000000000001
2024-10-28 02:22:32.620 UTC [33] WARNING:  archiving write-ahead log file "000000010000000000000001" failed too many times, will try again later
cp: cannot create regular file '/database/postgres/data/archive/000000010000000000000001': No such file or directory
2024-10-28 02:23:32.684 UTC [33] LOG:  archive command failed with exit code 1
2024-10-28 02:23:32.684 UTC [33] DETAIL:  The failed archive command was: test ! -f /database/postgres/data/archive/000000010000000000000001 && cp pg_wal/000000010000000000000001 /database/postgres/data/archive/000000010000000000000001
cp: cannot create regular file '/database/postgres/data/archive/000000010000000000000001': No such file or directory
2024-10-28 02:23:33.688 UTC [33] LOG:  archive command failed with exit code 1
2024-10-28 02:23:33.688 UTC [33] DETAIL:  The failed archive command was: test ! -f /database/postgres/data/archive/000000010000000000000001 && cp pg_wal/000000010000000000000001 /database/postgres/data/archive/000000010000000000000001
cp: cannot create regular file '/database/postgres/data/archive/000000010000000000000001': No such file or directory
2024-10-28 02:23:34.691 UTC [33] LOG:  archive command failed with exit code 1
2024-10-28 02:23:34.691 UTC [33] DETAIL:  The failed archive command was: test ! -f /database/postgres/data/archive/000000010000000000000001 && cp pg_wal/000000010000000000000001 /database/postgres/data/archive/000000010000000000000001
2024-10-28 02:23:34.691 UTC [33] WARNING:  archiving write-ahead log file "000000010000000000000001" failed too many times, will try again later
cp: cannot create regular file '/database/postgres/data/archive/000000010000000000000001': No such file or directory
2024-10-28 02:24:34.755 UTC [33] LOG:  archive command failed with exit code 1
2024-10-28 02:24:34.755 UTC [33] DETAIL:  The failed archive command was: test ! -f /database/postgres/data/archive/000000010000000000000001 && cp pg_wal/000000010000000000000001 /database/postgres/data/archive/000000010000000000000001
cp: cannot create regular file '/database/postgres/data/archive/000000010000000000000001': No such file or directory
2024-10-28 02:24:35.758 UTC [33] LOG:  archive command failed with exit code 1
2024-10-28 02:24:35.758 UTC [33] DETAIL:  The failed archive command was: test ! -f /database/postgres/data/archive/000000010000000000000001 && cp pg_wal/000000010000000000000001 /database/postgres/data/archive/000000010000000000000001
cp: cannot create regular file '/database/postgres/data/archive/000000010000000000000001': No such file or directory
2024-10-28 02:24:36.760 UTC [33] LOG:  archive command failed with exit code 1
2024-10-28 02:24:36.760 UTC [33] DETAIL:  The failed archive command was: test ! -f /database/postgres/data/archive/000000010000000000000001 && cp pg_wal/000000010000000000000001 /database/postgres/data/archive/000000010000000000000001
2024-10-28 02:24:36.760 UTC [33] WARNING:  archiving write-ahead log file "000000010000000000000001" failed too many times, will try again later
cp: cannot create regular file '/database/postgres/data/archive/000000010000000000000001': No such file or directory
2024-10-28 02:25:36.819 UTC [33] LOG:  archive command failed with exit code 1
2024-10-28 02:25:36.819 UTC [33] DETAIL:  The failed archive command was: test ! -f /database/postgres/data/archive/000000010000000000000001 && cp pg_wal/000000010000000000000001 /database/postgres/data/archive/000000010000000000000001
cp: cannot create regular file '/database/postgres/data/archive/000000010000000000000001': No such file or directory
2024-10-28 02:25:37.822 UTC [33] LOG:  archive command failed with exit code 1
2024-10-28 02:25:37.822 UTC [33] DETAIL:  The failed archive command was: test ! -f /database/postgres/data/archive/000000010000000000000001 && cp pg_wal/000000010000000000000001 /database/postgres/data/archive/000000010000000000000001
cp: cannot create regular file '/database/postgres/data/archive/000000010000000000000001': No such file or directory
2024-10-28 02:25:38.824 UTC [33] LOG:  archive command failed with exit code 1
2024-10-28 02:25:38.824 UTC [33] DETAIL:  The failed archive command was: test ! -f /database/postgres/data/archive/000000010000000000000001 && cp pg_wal/000000010000000000000001 /database/postgres/data/archive/000000010000000000000001
2024-10-28 02:25:38.824 UTC [33] WARNING:  archiving write-ahead log file "000000010000000000000001" failed too many times, will try again later
cp: cannot create regular file '/database/postgres/data/archive/000000010000000000000001': No such file or directory
2024-10-28 02:26:38.834 UTC [33] LOG:  archive command failed with exit code 1
2024-10-28 02:26:38.834 UTC [33] DETAIL:  The failed archive command was: test ! -f /database/postgres/data/archive/000000010000000000000001 && cp pg_wal/000000010000000000000001 /database/postgres/data/archive/000000010000000000000001
cp: cannot create regular file '/database/postgres/data/archive/000000010000000000000001': No such file or directory
2024-10-28 02:26:39.837 UTC [33] LOG:  archive command failed with exit code 1
2024-10-28 02:26:39.837 UTC [33] DETAIL:  The failed archive command was: test ! -f /database/postgres/data/archive/000000010000000000000001 && cp pg_wal/000000010000000000000001 /database/postgres/data/archive/000000010000000000000001
cp: cannot create regular file '/database/postgres/data/archive/000000010000000000000001': No such file or directory
2024-10-28 02:26:40.840 UTC [33] LOG:  archive command failed with exit code 1
2024-10-28 02:26:40.840 UTC [33] DETAIL:  The failed archive command was: test ! -f /database/postgres/data/archive/000000010000000000000001 && cp pg_wal/000000010000000000000001 /database/postgres/data/archive/000000010000000000000001
2024-10-28 02:26:40.840 UTC [33] WARNING:  archiving write-ahead log file "000000010000000000000001" failed too many times, will try again later
2024-10-28 02:27:30.683 UTC [28] LOG:  checkpoint starting: time
2024-10-28 02:27:30.764 UTC [28] LOG:  checkpoint complete: wrote 3 buffers (0.0%); 0 WAL file(s) added, 0 removed, 0 recycled; write=0.016 s, sync=0.009 s, total=0.081 s; sync files=2, longest=0.005 s, average=0.005 s; distance=0 kB, estimate=0 kB; lsn=0/14000110, redo lsn=0/140000D8
cp: cannot create regular file '/database/postgres/data/archive/000000010000000000000001': No such file or directory
2024-10-28 02:27:40.905 UTC [33] LOG:  archive command failed with exit code 1
2024-10-28 02:27:40.905 UTC [33] DETAIL:  The failed archive command was: test ! -f /database/postgres/data/archive/000000010000000000000001 && cp pg_wal/000000010000000000000001 /database/postgres/data/archive/000000010000000000000001
cp: cannot create regular file '/database/postgres/data/archive/000000010000000000000001': No such file or directory
2024-10-28 02:27:41.907 UTC [33] LOG:  archive command failed with exit code 1
2024-10-28 02:27:41.907 UTC [33] DETAIL:  The failed archive command was: test ! -f /database/postgres/data/archive/000000010000000000000001 && cp pg_wal/000000010000000000000001 /database/postgres/data/archive/000000010000000000000001
cp: cannot create regular file '/database/postgres/data/archive/000000010000000000000001': No such file or directory
2024-10-28 02:27:42.910 UTC [33] LOG:  archive command failed with exit code 1
2024-10-28 02:27:42.910 UTC [33] DETAIL:  The failed archive command was: test ! -f /database/postgres/data/archive/000000010000000000000001 && cp pg_wal/000000010000000000000001 /database/postgres/data/archive/000000010000000000000001
2024-10-28 02:27:42.910 UTC [33] WARNING:  archiving write-ahead log file "000000010000000000000001" failed too many times, will try again later
cp: cannot create regular file '/database/postgres/data/archive/000000010000000000000001': No such file or directory
2024-10-28 02:28:42.973 UTC [33] LOG:  archive command failed with exit code 1
2024-10-28 02:28:42.973 UTC [33] DETAIL:  The failed archive command was: test ! -f /database/postgres/data/archive/000000010000000000000001 && cp pg_wal/000000010000000000000001 /database/postgres/data/archive/000000010000000000000001
cp: cannot create regular file '/database/postgres/data/archive/000000010000000000000001': No such file or directory
2024-10-28 02:28:43.978 UTC [33] LOG:  archive command failed with exit code 1
2024-10-28 02:28:43.978 UTC [33] DETAIL:  The failed archive command was: test ! -f /database/postgres/data/archive/000000010000000000000001 && cp pg_wal/000000010000000000000001 /database/postgres/data/archive/000000010000000000000001
cp: cannot create regular file '/database/postgres/data/archive/000000010000000000000001': No such file or directory
2024-10-28 02:28:44.980 UTC [33] LOG:  archive command failed with exit code 1
2024-10-28 02:28:44.980 UTC [33] DETAIL:  The failed archive command was: test ! -f /database/postgres/data/archive/000000010000000000000001 && cp pg_wal/000000010000000000000001 /database/postgres/data/archive/000000010000000000000001
2024-10-28 02:28:44.980 UTC [33] WARNING:  archiving write-ahead log file "000000010000000000000001" failed too many times, will try again later
cp: cannot create regular file '/database/postgres/data/archive/000000010000000000000001': No such file or directory
2024-10-28 02:29:45.049 UTC [33] LOG:  archive command failed with exit code 1
2024-10-28 02:29:45.049 UTC [33] DETAIL:  The failed archive command was: test ! -f /database/postgres/data/archive/000000010000000000000001 && cp pg_wal/000000010000000000000001 /database/postgres/data/archive/000000010000000000000001
cp: cannot create regular file '/database/postgres/data/archive/000000010000000000000001': No such file or directory
2024-10-28 02:29:46.060 UTC [33] LOG:  archive command failed with exit code 1
2024-10-28 02:29:46.060 UTC [33] DETAIL:  The failed archive command was: test ! -f /database/postgres/data/archive/000000010000000000000001 && cp pg_wal/000000010000000000000001 /database/postgres/data/archive/000000010000000000000001
cp: cannot create regular file '/database/postgres/data/archive/000000010000000000000001': No such file or directory
2024-10-28 02:29:47.086 UTC [33] LOG:  archive command failed with exit code 1
2024-10-28 02:29:47.086 UTC [33] DETAIL:  The failed archive command was: test ! -f /database/postgres/data/archive/000000010000000000000001 && cp pg_wal/000000010000000000000001 /database/postgres/data/archive/000000010000000000000001
2024-10-28 02:29:47.086 UTC [33] WARNING:  archiving write-ahead log file "000000010000000000000001" failed too many times, will try again later
cp: cannot create regular file '/database/postgres/data/archive/000000010000000000000001': No such file or directory
2024-10-28 02:30:47.150 UTC [33] LOG:  archive command failed with exit code 1
2024-10-28 02:30:47.150 UTC [33] DETAIL:  The failed archive command was: test ! -f /database/postgres/data/archive/000000010000000000000001 && cp pg_wal/000000010000000000000001 /database/postgres/data/archive/000000010000000000000001
cp: cannot create regular file '/database/postgres/data/archive/000000010000000000000001': No such file or directory
2024-10-28 02:30:48.152 UTC [33] LOG:  archive command failed with exit code 1
2024-10-28 02:30:48.152 UTC [33] DETAIL:  The failed archive command was: test ! -f /database/postgres/data/archive/000000010000000000000001 && cp pg_wal/000000010000000000000001 /database/postgres/data/archive/000000010000000000000001
cp: cannot create regular file '/database/postgres/data/archive/000000010000000000000001': No such file or directory
2024-10-28 02:30:49.155 UTC [33] LOG:  archive command failed with exit code 1
2024-10-28 02:30:49.155 UTC [33] DETAIL:  The failed archive command was: test ! -f /database/postgres/data/archive/000000010000000000000001 && cp pg_wal/000000010000000000000001 /database/postgres/data/archive/000000010000000000000001
2024-10-28 02:30:49.155 UTC [33] WARNING:  archiving write-ahead log file "000000010000000000000001" failed too many times, will try again later
cp: cannot create regular file '/database/postgres/data/archive/000000010000000000000001': No such file or directory
2024-10-28 02:31:49.244 UTC [33] LOG:  archive command failed with exit code 1
2024-10-28 02:31:49.244 UTC [33] DETAIL:  The failed archive command was: test ! -f /database/postgres/data/archive/000000010000000000000001 && cp pg_wal/000000010000000000000001 /database/postgres/data/archive/000000010000000000000001
cp: cannot create regular file '/database/postgres/data/archive/000000010000000000000001': No such file or directory
2024-10-28 02:31:50.247 UTC [33] LOG:  archive command failed with exit code 1
2024-10-28 02:31:50.247 UTC [33] DETAIL:  The failed archive command was: test ! -f /database/postgres/data/archive/000000010000000000000001 && cp pg_wal/000000010000000000000001 /database/postgres/data/archive/000000010000000000000001
cp: cannot create regular file '/database/postgres/data/archive/000000010000000000000001': No such file or directory
2024-10-28 02:31:51.249 UTC [33] LOG:  archive command failed with exit code 1
2024-10-28 02:31:51.249 UTC [33] DETAIL:  The failed archive command was: test ! -f /database/postgres/data/archive/000000010000000000000001 && cp pg_wal/000000010000000000000001 /database/postgres/data/archive/000000010000000000000001
2024-10-28 02:31:51.249 UTC [33] WARNING:  archiving write-ahead log file "000000010000000000000001" failed too many times, will try again later
cp: cannot create regular file '/database/postgres/data/archive/000000010000000000000001': No such file or directory
2024-10-28 02:32:51.312 UTC [33] LOG:  archive command failed with exit code 1
2024-10-28 02:32:51.312 UTC [33] DETAIL:  The failed archive command was: test ! -f /database/postgres/data/archive/000000010000000000000001 && cp pg_wal/000000010000000000000001 /database/postgres/data/archive/000000010000000000000001
cp: cannot create regular file '/database/postgres/data/archive/000000010000000000000001': No such file or directory
2024-10-28 02:32:52.315 UTC [33] LOG:  archive command failed with exit code 1
2024-10-28 02:32:52.315 UTC [33] DETAIL:  The failed archive command was: test ! -f /database/postgres/data/archive/000000010000000000000001 && cp pg_wal/000000010000000000000001 /database/postgres/data/archive/000000010000000000000001
cp: cannot create regular file '/database/postgres/data/archive/000000010000000000000001': No such file or directory
2024-10-28 02:32:53.318 UTC [33] LOG:  archive command failed with exit code 1
2024-10-28 02:32:53.318 UTC [33] DETAIL:  The failed archive command was: test ! -f /database/postgres/data/archive/000000010000000000000001 && cp pg_wal/000000010000000000000001 /database/postgres/data/archive/000000010000000000000001
2024-10-28 02:32:53.318 UTC [33] WARNING:  archiving write-ahead log file "000000010000000000000001" failed too many times, will try again later
cp: cannot create regular file '/database/postgres/data/archive/000000010000000000000001': No such file or directory
2024-10-28 02:33:53.383 UTC [33] LOG:  archive command failed with exit code 1
2024-10-28 02:33:53.383 UTC [33] DETAIL:  The failed archive command was: test ! -f /database/postgres/data/archive/000000010000000000000001 && cp pg_wal/000000010000000000000001 /database/postgres/data/archive/000000010000000000000001
cp: cannot create regular file '/database/postgres/data/archive/000000010000000000000001': No such file or directory
2024-10-28 02:33:54.387 UTC [33] LOG:  archive command failed with exit code 1
2024-10-28 02:33:54.387 UTC [33] DETAIL:  The failed archive command was: test ! -f /database/postgres/data/archive/000000010000000000000001 && cp pg_wal/000000010000000000000001 /database/postgres/data/archive/000000010000000000000001
cp: cannot create regular file '/database/postgres/data/archive/000000010000000000000001': No such file or directory
2024-10-28 02:33:55.402 UTC [33] LOG:  archive command failed with exit code 1
2024-10-28 02:33:55.402 UTC [33] DETAIL:  The failed archive command was: test ! -f /database/postgres/data/archive/000000010000000000000001 && cp pg_wal/000000010000000000000001 /database/postgres/data/archive/000000010000000000000001
2024-10-28 02:33:55.402 UTC [33] WARNING:  archiving write-ahead log file "000000010000000000000001" failed too many times, will try again later
cp: cannot create regular file '/database/postgres/data/archive/000000010000000000000001': No such file or directory
2024-10-28 02:34:55.465 UTC [33] LOG:  archive command failed with exit code 1
2024-10-28 02:34:55.465 UTC [33] DETAIL:  The failed archive command was: test ! -f /database/postgres/data/archive/000000010000000000000001 && cp pg_wal/000000010000000000000001 /database/postgres/data/archive/000000010000000000000001
cp: cannot create regular file '/database/postgres/data/archive/000000010000000000000001': No such file or directory
2024-10-28 02:34:56.468 UTC [33] LOG:  archive command failed with exit code 1
2024-10-28 02:34:56.468 UTC [33] DETAIL:  The failed archive command was: test ! -f /database/postgres/data/archive/000000010000000000000001 && cp pg_wal/000000010000000000000001 /database/postgres/data/archive/000000010000000000000001
cp: cannot create regular file '/database/postgres/data/archive/000000010000000000000001': No such file or directory
2024-10-28 02:34:57.471 UTC [33] LOG:  archive command failed with exit code 1
2024-10-28 02:34:57.471 UTC [33] DETAIL:  The failed archive command was: test ! -f /database/postgres/data/archive/000000010000000000000001 && cp pg_wal/000000010000000000000001 /database/postgres/data/archive/000000010000000000000001
2024-10-28 02:34:57.471 UTC [33] WARNING:  archiving write-ahead log file "000000010000000000000001" failed too many times, will try again later
cp: cannot create regular file '/database/postgres/data/archive/000000010000000000000001': No such file or directory
2024-10-28 02:35:57.542 UTC [33] LOG:  archive command failed with exit code 1
2024-10-28 02:35:57.542 UTC [33] DETAIL:  The failed archive command was: test ! -f /database/postgres/data/archive/000000010000000000000001 && cp pg_wal/000000010000000000000001 /database/postgres/data/archive/000000010000000000000001
cp: cannot create regular file '/database/postgres/data/archive/000000010000000000000001': No such file or directory
2024-10-28 02:35:58.545 UTC [33] LOG:  archive command failed with exit code 1
2024-10-28 02:35:58.545 UTC [33] DETAIL:  The failed archive command was: test ! -f /database/postgres/data/archive/000000010000000000000001 && cp pg_wal/000000010000000000000001 /database/postgres/data/archive/000000010000000000000001
cp: cannot create regular file '/database/postgres/data/archive/000000010000000000000001': No such file or directory
2024-10-28 02:35:59.548 UTC [33] LOG:  archive command failed with exit code 1
2024-10-28 02:35:59.548 UTC [33] DETAIL:  The failed archive command was: test ! -f /database/postgres/data/archive/000000010000000000000001 && cp pg_wal/000000010000000000000001 /database/postgres/data/archive/000000010000000000000001
2024-10-28 02:35:59.548 UTC [33] WARNING:  archiving write-ahead log file "000000010000000000000001" failed too many times, will try again later
cp: cannot create regular file '/database/postgres/data/archive/000000010000000000000001': No such file or directory
2024-10-28 02:36:59.557 UTC [33] LOG:  archive command failed with exit code 1
2024-10-28 02:36:59.557 UTC [33] DETAIL:  The failed archive command was: test ! -f /database/postgres/data/archive/000000010000000000000001 && cp pg_wal/000000010000000000000001 /database/postgres/data/archive/000000010000000000000001
cp: cannot create regular file '/database/postgres/data/archive/000000010000000000000001': No such file or directory
2024-10-28 02:37:00.559 UTC [33] LOG:  archive command failed with exit code 1
2024-10-28 02:37:00.559 UTC [33] DETAIL:  The failed archive command was: test ! -f /database/postgres/data/archive/000000010000000000000001 && cp pg_wal/000000010000000000000001 /database/postgres/data/archive/000000010000000000000001
cp: cannot create regular file '/database/postgres/data/archive/000000010000000000000001': No such file or directory
2024-10-28 02:37:01.562 UTC [33] LOG:  archive command failed with exit code 1
2024-10-28 02:37:01.562 UTC [33] DETAIL:  The failed archive command was: test ! -f /database/postgres/data/archive/000000010000000000000001 && cp pg_wal/000000010000000000000001 /database/postgres/data/archive/000000010000000000000001
2024-10-28 02:37:01.562 UTC [33] WARNING:  archiving write-ahead log file "000000010000000000000001" failed too many times, will try again later
cp: cannot create regular file '/database/postgres/data/archive/000000010000000000000001': No such file or directory
2024-10-28 02:38:01.605 UTC [33] LOG:  archive command failed with exit code 1
2024-10-28 02:38:01.605 UTC [33] DETAIL:  The failed archive command was: test ! -f /database/postgres/data/archive/000000010000000000000001 && cp pg_wal/000000010000000000000001 /database/postgres/data/archive/000000010000000000000001
cp: cannot create regular file '/database/postgres/data/archive/000000010000000000000001': No such file or directory
2024-10-28 02:38:02.608 UTC [33] LOG:  archive command failed with exit code 1
2024-10-28 02:38:02.608 UTC [33] DETAIL:  The failed archive command was: test ! -f /database/postgres/data/archive/000000010000000000000001 && cp pg_wal/000000010000000000000001 /database/postgres/data/archive/000000010000000000000001
cp: cannot create regular file '/database/postgres/data/archive/000000010000000000000001': No such file or directory
2024-10-28 02:38:03.611 UTC [33] LOG:  archive command failed with exit code 1
2024-10-28 02:38:03.611 UTC [33] DETAIL:  The failed archive command was: test ! -f /database/postgres/data/archive/000000010000000000000001 && cp pg_wal/000000010000000000000001 /database/postgres/data/archive/000000010000000000000001
2024-10-28 02:38:03.611 UTC [33] WARNING:  archiving write-ahead log file "000000010000000000000001" failed too many times, will try again later
cp: cannot create regular file '/database/postgres/data/archive/000000010000000000000001': No such file or directory
2024-10-28 02:39:03.623 UTC [33] LOG:  archive command failed with exit code 1
2024-10-28 02:39:03.623 UTC [33] DETAIL:  The failed archive command was: test ! -f /database/postgres/data/archive/000000010000000000000001 && cp pg_wal/000000010000000000000001 /database/postgres/data/archive/000000010000000000000001
cp: cannot create regular file '/database/postgres/data/archive/000000010000000000000001': No such file or directory
2024-10-28 02:39:04.626 UTC [33] LOG:  archive command failed with exit code 1
2024-10-28 02:39:04.626 UTC [33] DETAIL:  The failed archive command was: test ! -f /database/postgres/data/archive/000000010000000000000001 && cp pg_wal/000000010000000000000001 /database/postgres/data/archive/000000010000000000000001
cp: cannot create regular file '/database/postgres/data/archive/000000010000000000000001': No such file or directory
2024-10-28 02:39:05.629 UTC [33] LOG:  archive command failed with exit code 1
2024-10-28 02:39:05.629 UTC [33] DETAIL:  The failed archive command was: test ! -f /database/postgres/data/archive/000000010000000000000001 && cp pg_wal/000000010000000000000001 /database/postgres/data/archive/000000010000000000000001
2024-10-28 02:39:05.629 UTC [33] WARNING:  archiving write-ahead log file "000000010000000000000001" failed too many times, will try again later
cp: cannot create regular file '/database/postgres/data/archive/000000010000000000000001': No such file or directory
2024-10-28 02:40:05.644 UTC [33] LOG:  archive command failed with exit code 1
2024-10-28 02:40:05.644 UTC [33] DETAIL:  The failed archive command was: test ! -f /database/postgres/data/archive/000000010000000000000001 && cp pg_wal/000000010000000000000001 /database/postgres/data/archive/000000010000000000000001
cp: cannot create regular file '/database/postgres/data/archive/000000010000000000000001': No such file or directory
2024-10-28 02:40:06.646 UTC [33] LOG:  archive command failed with exit code 1
2024-10-28 02:40:06.646 UTC [33] DETAIL:  The failed archive command was: test ! -f /database/postgres/data/archive/000000010000000000000001 && cp pg_wal/000000010000000000000001 /database/postgres/data/archive/000000010000000000000001
cp: cannot create regular file '/database/postgres/data/archive/000000010000000000000001': No such file or directory
2024-10-28 02:40:07.649 UTC [33] LOG:  archive command failed with exit code 1
2024-10-28 02:40:07.649 UTC [33] DETAIL:  The failed archive command was: test ! -f /database/postgres/data/archive/000000010000000000000001 && cp pg_wal/000000010000000000000001 /database/postgres/data/archive/000000010000000000000001
2024-10-28 02:40:07.649 UTC [33] WARNING:  archiving write-ahead log file "000000010000000000000001" failed too many times, will try again later
cp: cannot create regular file '/database/postgres/data/archive/000000010000000000000001': No such file or directory
2024-10-28 02:41:07.714 UTC [33] LOG:  archive command failed with exit code 1
2024-10-28 02:41:07.714 UTC [33] DETAIL:  The failed archive command was: test ! -f /database/postgres/data/archive/000000010000000000000001 && cp pg_wal/000000010000000000000001 /database/postgres/data/archive/000000010000000000000001
cp: cannot create regular file '/database/postgres/data/archive/000000010000000000000001': No such file or directory
2024-10-28 02:41:08.726 UTC [33] LOG:  archive command failed with exit code 1
2024-10-28 02:41:08.726 UTC [33] DETAIL:  The failed archive command was: test ! -f /database/postgres/data/archive/000000010000000000000001 && cp pg_wal/000000010000000000000001 /database/postgres/data/archive/000000010000000000000001
cp: cannot create regular file '/database/postgres/data/archive/000000010000000000000001': No such file or directory
2024-10-28 02:41:09.729 UTC [33] LOG:  archive command failed with exit code 1
2024-10-28 02:41:09.729 UTC [33] DETAIL:  The failed archive command was: test ! -f /database/postgres/data/archive/000000010000000000000001 && cp pg_wal/000000010000000000000001 /database/postgres/data/archive/000000010000000000000001
2024-10-28 02:41:09.729 UTC [33] WARNING:  archiving write-ahead log file "000000010000000000000001" failed too many times, will try again later
cp: cannot create regular file '/database/postgres/data/archive/000000010000000000000001': No such file or directory
2024-10-28 02:42:09.797 UTC [33] LOG:  archive command failed with exit code 1
2024-10-28 02:42:09.797 UTC [33] DETAIL:  The failed archive command was: test ! -f /database/postgres/data/archive/000000010000000000000001 && cp pg_wal/000000010000000000000001 /database/postgres/data/archive/000000010000000000000001
cp: cannot create regular file '/database/postgres/data/archive/000000010000000000000001': No such file or directory
2024-10-28 02:42:10.799 UTC [33] LOG:  archive command failed with exit code 1
2024-10-28 02:42:10.799 UTC [33] DETAIL:  The failed archive command was: test ! -f /database/postgres/data/archive/000000010000000000000001 && cp pg_wal/000000010000000000000001 /database/postgres/data/archive/000000010000000000000001
cp: cannot create regular file '/database/postgres/data/archive/000000010000000000000001': No such file or directory
2024-10-28 02:42:11.805 UTC [33] LOG:  archive command failed with exit code 1
2024-10-28 02:42:11.805 UTC [33] DETAIL:  The failed archive command was: test ! -f /database/postgres/data/archive/000000010000000000000001 && cp pg_wal/000000010000000000000001 /database/postgres/data/archive/000000010000000000000001
2024-10-28 02:42:11.805 UTC [33] WARNING:  archiving write-ahead log file "000000010000000000000001" failed too many times, will try again later
cp: cannot create regular file '/database/postgres/data/archive/000000010000000000000001': No such file or directory
2024-10-28 02:43:11.868 UTC [33] LOG:  archive command failed with exit code 1
2024-10-28 02:43:11.868 UTC [33] DETAIL:  The failed archive command was: test ! -f /database/postgres/data/archive/000000010000000000000001 && cp pg_wal/000000010000000000000001 /database/postgres/data/archive/000000010000000000000001
cp: cannot create regular file '/database/postgres/data/archive/000000010000000000000001': No such file or directory
2024-10-28 02:43:12.871 UTC [33] LOG:  archive command failed with exit code 1
2024-10-28 02:43:12.871 UTC [33] DETAIL:  The failed archive command was: test ! -f /database/postgres/data/archive/000000010000000000000001 && cp pg_wal/000000010000000000000001 /database/postgres/data/archive/000000010000000000000001
cp: cannot create regular file '/database/postgres/data/archive/000000010000000000000001': No such file or directory
2024-10-28 02:43:13.873 UTC [33] LOG:  archive command failed with exit code 1
2024-10-28 02:43:13.873 UTC [33] DETAIL:  The failed archive command was: test ! -f /database/postgres/data/archive/000000010000000000000001 && cp pg_wal/000000010000000000000001 /database/postgres/data/archive/000000010000000000000001
2024-10-28 02:43:13.873 UTC [33] WARNING:  archiving write-ahead log file "000000010000000000000001" failed too many times, will try again later
cp: cannot create regular file '/database/postgres/data/archive/000000010000000000000001': No such file or directory
2024-10-28 02:44:13.936 UTC [33] LOG:  archive command failed with exit code 1
2024-10-28 02:44:13.936 UTC [33] DETAIL:  The failed archive command was: test ! -f /database/postgres/data/archive/000000010000000000000001 && cp pg_wal/000000010000000000000001 /database/postgres/data/archive/000000010000000000000001
cp: cannot create regular file '/database/postgres/data/archive/000000010000000000000001': No such file or directory
2024-10-28 02:44:14.938 UTC [33] LOG:  archive command failed with exit code 1
2024-10-28 02:44:14.938 UTC [33] DETAIL:  The failed archive command was: test ! -f /database/postgres/data/archive/000000010000000000000001 && cp pg_wal/000000010000000000000001 /database/postgres/data/archive/000000010000000000000001
cp: cannot create regular file '/database/postgres/data/archive/000000010000000000000001': No such file or directory
2024-10-28 02:44:15.941 UTC [33] LOG:  archive command failed with exit code 1
2024-10-28 02:44:15.941 UTC [33] DETAIL:  The failed archive command was: test ! -f /database/postgres/data/archive/000000010000000000000001 && cp pg_wal/000000010000000000000001 /database/postgres/data/archive/000000010000000000000001
2024-10-28 02:44:15.941 UTC [33] WARNING:  archiving write-ahead log file "000000010000000000000001" failed too many times, will try again later
cp: cannot create regular file '/database/postgres/data/archive/000000010000000000000001': No such file or directory
2024-10-28 02:45:16.021 UTC [33] LOG:  archive command failed with exit code 1
2024-10-28 02:45:16.021 UTC [33] DETAIL:  The failed archive command was: test ! -f /database/postgres/data/archive/000000010000000000000001 && cp pg_wal/000000010000000000000001 /database/postgres/data/archive/000000010000000000000001
cp: cannot create regular file '/database/postgres/data/archive/000000010000000000000001': No such file or directory
2024-10-28 02:45:17.024 UTC [33] LOG:  archive command failed with exit code 1
2024-10-28 02:45:17.024 UTC [33] DETAIL:  The failed archive command was: test ! -f /database/postgres/data/archive/000000010000000000000001 && cp pg_wal/000000010000000000000001 /database/postgres/data/archive/000000010000000000000001
cp: cannot create regular file '/database/postgres/data/archive/000000010000000000000001': No such file or directory
2024-10-28 02:45:18.027 UTC [33] LOG:  archive command failed with exit code 1
2024-10-28 02:45:18.027 UTC [33] DETAIL:  The failed archive command was: test ! -f /database/postgres/data/archive/000000010000000000000001 && cp pg_wal/000000010000000000000001 /database/postgres/data/archive/000000010000000000000001
2024-10-28 02:45:18.027 UTC [33] WARNING:  archiving write-ahead log file "000000010000000000000001" failed too many times, will try again later
2024-10-28 02:46:12.114 UTC [1] LOG:  received fast shutdown request
2024-10-28 02:46:12.120 UTC [1] LOG:  aborting any active transactions
2024-10-28 02:46:12.120 UTC [253] snj@snj_db FATAL:  terminating connection due to administrator command
2024-10-28 02:46:12.120 UTC [38] snj@snj_db FATAL:  terminating connection due to administrator command
2024-10-28 02:46:12.121 UTC [1] LOG:  background worker "logical replication launcher" (PID 34) exited with exit code 1
2024-10-28 02:46:12.131 UTC [28] LOG:  shutting down
cp: cannot create regular file '/database/postgres/data/archive/000000010000000000000001': No such file or directory
2024-10-28 02:46:12.309 UTC [33] LOG:  archive command failed with exit code 1
2024-10-28 02:46:12.309 UTC [33] DETAIL:  The failed archive command was: test ! -f /database/postgres/data/archive/000000010000000000000001 && cp pg_wal/000000010000000000000001 /database/postgres/data/archive/000000010000000000000001
2024-10-28 02:46:12.311 UTC [28] LOG:  checkpoint starting: shutdown immediate
2024-10-28 02:46:12.448 UTC [28] LOG:  checkpoint complete: wrote 0 buffers (0.0%); 0 WAL file(s) added, 0 removed, 0 recycled; write=0.010 s, sync=0.001 s, total=0.143 s; sync files=0, longest=0.000 s, average=0.000 s; distance=16383 kB, estimate=16383 kB; lsn=0/15000028, redo lsn=0/15000028
cp: cannot create regular file '/database/postgres/data/archive/000000010000000000000001': No such file or directory
2024-10-28 02:46:12.457 UTC [33] LOG:  archive command failed with exit code 1
2024-10-28 02:46:12.457 UTC [33] DETAIL:  The failed archive command was: test ! -f /database/postgres/data/archive/000000010000000000000001 && cp pg_wal/000000010000000000000001 /database/postgres/data/archive/000000010000000000000001
cp: cannot create regular file '/database/postgres/data/archive/000000010000000000000001': No such file or directory
2024-10-28 02:46:13.461 UTC [33] LOG:  archive command failed with exit code 1
2024-10-28 02:46:13.461 UTC [33] DETAIL:  The failed archive command was: test ! -f /database/postgres/data/archive/000000010000000000000001 && cp pg_wal/000000010000000000000001 /database/postgres/data/archive/000000010000000000000001
2024-10-28 02:46:13.461 UTC [33] WARNING:  archiving write-ahead log file "000000010000000000000001" failed too many times, will try again later
cp: cannot create regular file '/database/postgres/data/archive/000000010000000000000001': No such file or directory
2024-10-28 02:46:13.466 UTC [33] LOG:  archive command failed with exit code 1
2024-10-28 02:46:13.466 UTC [33] DETAIL:  The failed archive command was: test ! -f /database/postgres/data/archive/000000010000000000000001 && cp pg_wal/000000010000000000000001 /database/postgres/data/archive/000000010000000000000001
cp: cannot create regular file '/database/postgres/data/archive/000000010000000000000001': No such file or directory
2024-10-28 02:46:14.469 UTC [33] LOG:  archive command failed with exit code 1
2024-10-28 02:46:14.469 UTC [33] DETAIL:  The failed archive command was: test ! -f /database/postgres/data/archive/000000010000000000000001 && cp pg_wal/000000010000000000000001 /database/postgres/data/archive/000000010000000000000001
cp: cannot create regular file '/database/postgres/data/archive/000000010000000000000001': No such file or directory
2024-10-28 02:46:15.473 UTC [33] LOG:  archive command failed with exit code 1
2024-10-28 02:46:15.473 UTC [33] DETAIL:  The failed archive command was: test ! -f /database/postgres/data/archive/000000010000000000000001 && cp pg_wal/000000010000000000000001 /database/postgres/data/archive/000000010000000000000001
2024-10-28 02:46:15.473 UTC [33] WARNING:  archiving write-ahead log file "000000010000000000000001" failed too many times, will try again later
2024-10-28 02:46:15.475 UTC [1] LOG:  database system is shut down
