2024-10-28 01:23:39.325 UTC [1] LOG:  starting PostgreSQL 16.4 (Debian 16.4-1.pgdg120+2) on x86_64-pc-linux-gnu, compiled by gcc (Debian 12.2.0-14) 12.2.0, 64-bit
2024-10-28 01:23:39.325 UTC [1] LOG:  listening on IPv4 address "0.0.0.0", port 5432
2024-10-28 01:23:39.325 UTC [1] LOG:  listening on IPv6 address "::", port 5432
2024-10-28 01:23:39.725 UTC [1] LOG:  listening on Unix socket "/var/run/postgresql/.s.PGSQL.5432"
2024-10-28 01:23:40.151 UTC [31] LOG:  database system was shut down at 2024-10-26 17:24:12 UTC
2024-10-28 01:23:40.202 UTC [32] snj@snj_db FATAL:  the database system is starting up
2024-10-28 01:23:40.318 UTC [1] LOG:  database system is ready to accept connections
cp: cannot create regular file '/database/postgres/data/archive/000000010000000000000001': No such file or directory
2024-10-28 01:23:40.325 UTC [35] LOG:  archive command failed with exit code 1
2024-10-28 01:23:40.325 UTC [35] DETAIL:  The failed archive command was: test ! -f /database/postgres/data/archive/000000010000000000000001 && cp pg_wal/000000010000000000000001 /database/postgres/data/archive/000000010000000000000001
cp: cannot create regular file '/database/postgres/data/archive/000000010000000000000001': No such file or directory
2024-10-28 01:23:41.328 UTC [35] LOG:  archive command failed with exit code 1
2024-10-28 01:23:41.328 UTC [35] DETAIL:  The failed archive command was: test ! -f /database/postgres/data/archive/000000010000000000000001 && cp pg_wal/000000010000000000000001 /database/postgres/data/archive/000000010000000000000001
cp: cannot create regular file '/database/postgres/data/archive/000000010000000000000001': No such file or directory
2024-10-28 01:23:42.332 UTC [35] LOG:  archive command failed with exit code 1
2024-10-28 01:23:42.332 UTC [35] DETAIL:  The failed archive command was: test ! -f /database/postgres/data/archive/000000010000000000000001 && cp pg_wal/000000010000000000000001 /database/postgres/data/archive/000000010000000000000001
2024-10-28 01:23:42.332 UTC [35] WARNING:  archiving write-ahead log file "000000010000000000000001" failed too many times, will try again later
cp: cannot create regular file '/database/postgres/data/archive/000000010000000000000001': No such file or directory
2024-10-28 01:24:42.395 UTC [35] LOG:  archive command failed with exit code 1
2024-10-28 01:24:42.395 UTC [35] DETAIL:  The failed archive command was: test ! -f /database/postgres/data/archive/000000010000000000000001 && cp pg_wal/000000010000000000000001 /database/postgres/data/archive/000000010000000000000001
cp: cannot create regular file '/database/postgres/data/archive/000000010000000000000001': No such file or directory
2024-10-28 01:24:43.403 UTC [35] LOG:  archive command failed with exit code 1
2024-10-28 01:24:43.403 UTC [35] DETAIL:  The failed archive command was: test ! -f /database/postgres/data/archive/000000010000000000000001 && cp pg_wal/000000010000000000000001 /database/postgres/data/archive/000000010000000000000001
cp: cannot create regular file '/database/postgres/data/archive/000000010000000000000001': No such file or directory
2024-10-28 01:24:44.406 UTC [35] LOG:  archive command failed with exit code 1
2024-10-28 01:24:44.406 UTC [35] DETAIL:  The failed archive command was: test ! -f /database/postgres/data/archive/000000010000000000000001 && cp pg_wal/000000010000000000000001 /database/postgres/data/archive/000000010000000000000001
2024-10-28 01:24:44.406 UTC [35] WARNING:  archiving write-ahead log file "000000010000000000000001" failed too many times, will try again later
cp: cannot create regular file '/database/postgres/data/archive/000000010000000000000001': No such file or directory
2024-10-28 01:25:44.422 UTC [35] LOG:  archive command failed with exit code 1
2024-10-28 01:25:44.422 UTC [35] DETAIL:  The failed archive command was: test ! -f /database/postgres/data/archive/000000010000000000000001 && cp pg_wal/000000010000000000000001 /database/postgres/data/archive/000000010000000000000001
cp: cannot create regular file '/database/postgres/data/archive/000000010000000000000001': No such file or directory
2024-10-28 01:25:45.433 UTC [35] LOG:  archive command failed with exit code 1
2024-10-28 01:25:45.433 UTC [35] DETAIL:  The failed archive command was: test ! -f /database/postgres/data/archive/000000010000000000000001 && cp pg_wal/000000010000000000000001 /database/postgres/data/archive/000000010000000000000001
cp: cannot create regular file '/database/postgres/data/archive/000000010000000000000001': No such file or directory
2024-10-28 01:25:46.440 UTC [35] LOG:  archive command failed with exit code 1
2024-10-28 01:25:46.440 UTC [35] DETAIL:  The failed archive command was: test ! -f /database/postgres/data/archive/000000010000000000000001 && cp pg_wal/000000010000000000000001 /database/postgres/data/archive/000000010000000000000001
2024-10-28 01:25:46.440 UTC [35] WARNING:  archiving write-ahead log file "000000010000000000000001" failed too many times, will try again later
cp: cannot create regular file '/database/postgres/data/archive/000000010000000000000001': No such file or directory
2024-10-28 01:26:46.506 UTC [35] LOG:  archive command failed with exit code 1
2024-10-28 01:26:46.506 UTC [35] DETAIL:  The failed archive command was: test ! -f /database/postgres/data/archive/000000010000000000000001 && cp pg_wal/000000010000000000000001 /database/postgres/data/archive/000000010000000000000001
cp: cannot create regular file '/database/postgres/data/archive/000000010000000000000001': No such file or directory
2024-10-28 01:26:47.515 UTC [35] LOG:  archive command failed with exit code 1
2024-10-28 01:26:47.515 UTC [35] DETAIL:  The failed archive command was: test ! -f /database/postgres/data/archive/000000010000000000000001 && cp pg_wal/000000010000000000000001 /database/postgres/data/archive/000000010000000000000001
cp: cannot create regular file '/database/postgres/data/archive/000000010000000000000001': No such file or directory
2024-10-28 01:26:48.525 UTC [35] LOG:  archive command failed with exit code 1
2024-10-28 01:26:48.525 UTC [35] DETAIL:  The failed archive command was: test ! -f /database/postgres/data/archive/000000010000000000000001 && cp pg_wal/000000010000000000000001 /database/postgres/data/archive/000000010000000000000001
2024-10-28 01:26:48.525 UTC [35] WARNING:  archiving write-ahead log file "000000010000000000000001" failed too many times, will try again later
cp: cannot create regular file '/database/postgres/data/archive/000000010000000000000001': No such file or directory
2024-10-28 01:27:48.588 UTC [35] LOG:  archive command failed with exit code 1
2024-10-28 01:27:48.588 UTC [35] DETAIL:  The failed archive command was: test ! -f /database/postgres/data/archive/000000010000000000000001 && cp pg_wal/000000010000000000000001 /database/postgres/data/archive/000000010000000000000001
cp: cannot create regular file '/database/postgres/data/archive/000000010000000000000001': No such file or directory
2024-10-28 01:27:49.592 UTC [35] LOG:  archive command failed with exit code 1
2024-10-28 01:27:49.592 UTC [35] DETAIL:  The failed archive command was: test ! -f /database/postgres/data/archive/000000010000000000000001 && cp pg_wal/000000010000000000000001 /database/postgres/data/archive/000000010000000000000001
cp: cannot create regular file '/database/postgres/data/archive/000000010000000000000001': No such file or directory
2024-10-28 01:27:50.598 UTC [35] LOG:  archive command failed with exit code 1
2024-10-28 01:27:50.598 UTC [35] DETAIL:  The failed archive command was: test ! -f /database/postgres/data/archive/000000010000000000000001 && cp pg_wal/000000010000000000000001 /database/postgres/data/archive/000000010000000000000001
2024-10-28 01:27:50.598 UTC [35] WARNING:  archiving write-ahead log file "000000010000000000000001" failed too many times, will try again later
2024-10-28 01:28:40.250 UTC [29] LOG:  checkpoint starting: time
2024-10-28 01:28:40.846 UTC [29] LOG:  checkpoint complete: wrote 8 buffers (0.0%); 0 WAL file(s) added, 0 removed, 0 recycled; write=0.522 s, sync=0.019 s, total=0.597 s; sync files=7, longest=0.004 s, average=0.003 s; distance=1 kB, estimate=1 kB; lsn=0/13000710, redo lsn=0/130006D8
cp: cannot create regular file '/database/postgres/data/archive/000000010000000000000001': No such file or directory
2024-10-28 01:28:50.662 UTC [35] LOG:  archive command failed with exit code 1
2024-10-28 01:28:50.662 UTC [35] DETAIL:  The failed archive command was: test ! -f /database/postgres/data/archive/000000010000000000000001 && cp pg_wal/000000010000000000000001 /database/postgres/data/archive/000000010000000000000001
cp: cannot create regular file '/database/postgres/data/archive/000000010000000000000001': No such file or directory
2024-10-28 01:28:51.666 UTC [35] LOG:  archive command failed with exit code 1
2024-10-28 01:28:51.666 UTC [35] DETAIL:  The failed archive command was: test ! -f /database/postgres/data/archive/000000010000000000000001 && cp pg_wal/000000010000000000000001 /database/postgres/data/archive/000000010000000000000001
cp: cannot create regular file '/database/postgres/data/archive/000000010000000000000001': No such file or directory
2024-10-28 01:28:52.669 UTC [35] LOG:  archive command failed with exit code 1
2024-10-28 01:28:52.669 UTC [35] DETAIL:  The failed archive command was: test ! -f /database/postgres/data/archive/000000010000000000000001 && cp pg_wal/000000010000000000000001 /database/postgres/data/archive/000000010000000000000001
2024-10-28 01:28:52.669 UTC [35] WARNING:  archiving write-ahead log file "000000010000000000000001" failed too many times, will try again later
2024-10-28 01:29:26.632 UTC [96] snj@postgres ERROR:  permission denied for sequence url_url_id_seq
2024-10-28 01:29:26.632 UTC [96] snj@postgres STATEMENT:  select sq.seqrelid as sequence_id,
	       pg_catalog.pg_sequence_last_value(sq.seqrelid) as last_value
	from pg_catalog.pg_sequence sq
	     join pg_class cls on sq.seqrelid = cls.oid
	     where cls.relnamespace = $1::oid
cp: cannot create regular file '/database/postgres/data/archive/000000010000000000000001': No such file or directory
2024-10-28 01:29:52.734 UTC [35] LOG:  archive command failed with exit code 1
2024-10-28 01:29:52.734 UTC [35] DETAIL:  The failed archive command was: test ! -f /database/postgres/data/archive/000000010000000000000001 && cp pg_wal/000000010000000000000001 /database/postgres/data/archive/000000010000000000000001
cp: cannot create regular file '/database/postgres/data/archive/000000010000000000000001': No such file or directory
2024-10-28 01:29:53.736 UTC [35] LOG:  archive command failed with exit code 1
2024-10-28 01:29:53.736 UTC [35] DETAIL:  The failed archive command was: test ! -f /database/postgres/data/archive/000000010000000000000001 && cp pg_wal/000000010000000000000001 /database/postgres/data/archive/000000010000000000000001
cp: cannot create regular file '/database/postgres/data/archive/000000010000000000000001': No such file or directory
2024-10-28 01:29:54.740 UTC [35] LOG:  archive command failed with exit code 1
2024-10-28 01:29:54.740 UTC [35] DETAIL:  The failed archive command was: test ! -f /database/postgres/data/archive/000000010000000000000001 && cp pg_wal/000000010000000000000001 /database/postgres/data/archive/000000010000000000000001
2024-10-28 01:29:54.740 UTC [35] WARNING:  archiving write-ahead log file "000000010000000000000001" failed too many times, will try again later
cp: cannot create regular file '/database/postgres/data/archive/000000010000000000000001': No such file or directory
2024-10-28 01:30:54.813 UTC [35] LOG:  archive command failed with exit code 1
2024-10-28 01:30:54.813 UTC [35] DETAIL:  The failed archive command was: test ! -f /database/postgres/data/archive/000000010000000000000001 && cp pg_wal/000000010000000000000001 /database/postgres/data/archive/000000010000000000000001
cp: cannot create regular file '/database/postgres/data/archive/000000010000000000000001': No such file or directory
2024-10-28 01:30:55.817 UTC [35] LOG:  archive command failed with exit code 1
2024-10-28 01:30:55.817 UTC [35] DETAIL:  The failed archive command was: test ! -f /database/postgres/data/archive/000000010000000000000001 && cp pg_wal/000000010000000000000001 /database/postgres/data/archive/000000010000000000000001
cp: cannot create regular file '/database/postgres/data/archive/000000010000000000000001': No such file or directory
2024-10-28 01:30:56.820 UTC [35] LOG:  archive command failed with exit code 1
2024-10-28 01:30:56.820 UTC [35] DETAIL:  The failed archive command was: test ! -f /database/postgres/data/archive/000000010000000000000001 && cp pg_wal/000000010000000000000001 /database/postgres/data/archive/000000010000000000000001
2024-10-28 01:30:56.820 UTC [35] WARNING:  archiving write-ahead log file "000000010000000000000001" failed too many times, will try again later
cp: cannot create regular file '/database/postgres/data/archive/000000010000000000000001': No such file or directory
2024-10-28 01:31:56.827 UTC [35] LOG:  archive command failed with exit code 1
2024-10-28 01:31:56.827 UTC [35] DETAIL:  The failed archive command was: test ! -f /database/postgres/data/archive/000000010000000000000001 && cp pg_wal/000000010000000000000001 /database/postgres/data/archive/000000010000000000000001
cp: cannot create regular file '/database/postgres/data/archive/000000010000000000000001': No such file or directory
2024-10-28 01:31:57.831 UTC [35] LOG:  archive command failed with exit code 1
2024-10-28 01:31:57.831 UTC [35] DETAIL:  The failed archive command was: test ! -f /database/postgres/data/archive/000000010000000000000001 && cp pg_wal/000000010000000000000001 /database/postgres/data/archive/000000010000000000000001
cp: cannot create regular file '/database/postgres/data/archive/000000010000000000000001': No such file or directory
2024-10-28 01:31:58.833 UTC [35] LOG:  archive command failed with exit code 1
2024-10-28 01:31:58.833 UTC [35] DETAIL:  The failed archive command was: test ! -f /database/postgres/data/archive/000000010000000000000001 && cp pg_wal/000000010000000000000001 /database/postgres/data/archive/000000010000000000000001
2024-10-28 01:31:58.833 UTC [35] WARNING:  archiving write-ahead log file "000000010000000000000001" failed too many times, will try again later
cp: cannot create regular file '/database/postgres/data/archive/000000010000000000000001': No such file or directory
2024-10-28 01:32:58.897 UTC [35] LOG:  archive command failed with exit code 1
2024-10-28 01:32:58.897 UTC [35] DETAIL:  The failed archive command was: test ! -f /database/postgres/data/archive/000000010000000000000001 && cp pg_wal/000000010000000000000001 /database/postgres/data/archive/000000010000000000000001
cp: cannot create regular file '/database/postgres/data/archive/000000010000000000000001': No such file or directory
2024-10-28 01:32:59.902 UTC [35] LOG:  archive command failed with exit code 1
2024-10-28 01:32:59.902 UTC [35] DETAIL:  The failed archive command was: test ! -f /database/postgres/data/archive/000000010000000000000001 && cp pg_wal/000000010000000000000001 /database/postgres/data/archive/000000010000000000000001
cp: cannot create regular file '/database/postgres/data/archive/000000010000000000000001': No such file or directory
2024-10-28 01:33:00.904 UTC [35] LOG:  archive command failed with exit code 1
2024-10-28 01:33:00.904 UTC [35] DETAIL:  The failed archive command was: test ! -f /database/postgres/data/archive/000000010000000000000001 && cp pg_wal/000000010000000000000001 /database/postgres/data/archive/000000010000000000000001
2024-10-28 01:33:00.904 UTC [35] WARNING:  archiving write-ahead log file "000000010000000000000001" failed too many times, will try again later
2024-10-28 01:33:40.944 UTC [29] LOG:  checkpoint starting: time
2024-10-28 01:33:42.029 UTC [29] LOG:  checkpoint complete: wrote 11 buffers (0.1%); 0 WAL file(s) added, 0 removed, 0 recycled; write=1.020 s, sync=0.022 s, total=1.085 s; sync files=9, longest=0.004 s, average=0.003 s; distance=0 kB, estimate=1 kB; lsn=0/130009C8, redo lsn=0/13000990
cp: cannot create regular file '/database/postgres/data/archive/000000010000000000000001': No such file or directory
2024-10-28 01:34:00.980 UTC [35] LOG:  archive command failed with exit code 1
2024-10-28 01:34:00.980 UTC [35] DETAIL:  The failed archive command was: test ! -f /database/postgres/data/archive/000000010000000000000001 && cp pg_wal/000000010000000000000001 /database/postgres/data/archive/000000010000000000000001
cp: cannot create regular file '/database/postgres/data/archive/000000010000000000000001': No such file or directory
2024-10-28 01:34:01.983 UTC [35] LOG:  archive command failed with exit code 1
2024-10-28 01:34:01.983 UTC [35] DETAIL:  The failed archive command was: test ! -f /database/postgres/data/archive/000000010000000000000001 && cp pg_wal/000000010000000000000001 /database/postgres/data/archive/000000010000000000000001
cp: cannot create regular file '/database/postgres/data/archive/000000010000000000000001': No such file or directory
2024-10-28 01:34:02.988 UTC [35] LOG:  archive command failed with exit code 1
2024-10-28 01:34:02.988 UTC [35] DETAIL:  The failed archive command was: test ! -f /database/postgres/data/archive/000000010000000000000001 && cp pg_wal/000000010000000000000001 /database/postgres/data/archive/000000010000000000000001
2024-10-28 01:34:02.988 UTC [35] WARNING:  archiving write-ahead log file "000000010000000000000001" failed too many times, will try again later
cp: cannot create regular file '/database/postgres/data/archive/000000010000000000000001': No such file or directory
2024-10-28 01:35:03.053 UTC [35] LOG:  archive command failed with exit code 1
2024-10-28 01:35:03.053 UTC [35] DETAIL:  The failed archive command was: test ! -f /database/postgres/data/archive/000000010000000000000001 && cp pg_wal/000000010000000000000001 /database/postgres/data/archive/000000010000000000000001
cp: cannot create regular file '/database/postgres/data/archive/000000010000000000000001': No such file or directory
2024-10-28 01:35:04.057 UTC [35] LOG:  archive command failed with exit code 1
2024-10-28 01:35:04.057 UTC [35] DETAIL:  The failed archive command was: test ! -f /database/postgres/data/archive/000000010000000000000001 && cp pg_wal/000000010000000000000001 /database/postgres/data/archive/000000010000000000000001
cp: cannot create regular file '/database/postgres/data/archive/000000010000000000000001': No such file or directory
2024-10-28 01:35:05.060 UTC [35] LOG:  archive command failed with exit code 1
2024-10-28 01:35:05.060 UTC [35] DETAIL:  The failed archive command was: test ! -f /database/postgres/data/archive/000000010000000000000001 && cp pg_wal/000000010000000000000001 /database/postgres/data/archive/000000010000000000000001
2024-10-28 01:35:05.060 UTC [35] WARNING:  archiving write-ahead log file "000000010000000000000001" failed too many times, will try again later
cp: cannot create regular file '/database/postgres/data/archive/000000010000000000000001': No such file or directory
2024-10-28 01:36:05.124 UTC [35] LOG:  archive command failed with exit code 1
2024-10-28 01:36:05.124 UTC [35] DETAIL:  The failed archive command was: test ! -f /database/postgres/data/archive/000000010000000000000001 && cp pg_wal/000000010000000000000001 /database/postgres/data/archive/000000010000000000000001
cp: cannot create regular file '/database/postgres/data/archive/000000010000000000000001': No such file or directory
2024-10-28 01:36:06.127 UTC [35] LOG:  archive command failed with exit code 1
2024-10-28 01:36:06.127 UTC [35] DETAIL:  The failed archive command was: test ! -f /database/postgres/data/archive/000000010000000000000001 && cp pg_wal/000000010000000000000001 /database/postgres/data/archive/000000010000000000000001
cp: cannot create regular file '/database/postgres/data/archive/000000010000000000000001': No such file or directory
2024-10-28 01:36:07.130 UTC [35] LOG:  archive command failed with exit code 1
2024-10-28 01:36:07.130 UTC [35] DETAIL:  The failed archive command was: test ! -f /database/postgres/data/archive/000000010000000000000001 && cp pg_wal/000000010000000000000001 /database/postgres/data/archive/000000010000000000000001
2024-10-28 01:36:07.130 UTC [35] WARNING:  archiving write-ahead log file "000000010000000000000001" failed too many times, will try again later
cp: cannot create regular file '/database/postgres/data/archive/000000010000000000000001': No such file or directory
2024-10-28 01:37:07.211 UTC [35] LOG:  archive command failed with exit code 1
2024-10-28 01:37:07.211 UTC [35] DETAIL:  The failed archive command was: test ! -f /database/postgres/data/archive/000000010000000000000001 && cp pg_wal/000000010000000000000001 /database/postgres/data/archive/000000010000000000000001
cp: cannot create regular file '/database/postgres/data/archive/000000010000000000000001': No such file or directory
2024-10-28 01:37:08.215 UTC [35] LOG:  archive command failed with exit code 1
2024-10-28 01:37:08.215 UTC [35] DETAIL:  The failed archive command was: test ! -f /database/postgres/data/archive/000000010000000000000001 && cp pg_wal/000000010000000000000001 /database/postgres/data/archive/000000010000000000000001
cp: cannot create regular file '/database/postgres/data/archive/000000010000000000000001': No such file or directory
2024-10-28 01:37:09.218 UTC [35] LOG:  archive command failed with exit code 1
2024-10-28 01:37:09.218 UTC [35] DETAIL:  The failed archive command was: test ! -f /database/postgres/data/archive/000000010000000000000001 && cp pg_wal/000000010000000000000001 /database/postgres/data/archive/000000010000000000000001
2024-10-28 01:37:09.218 UTC [35] WARNING:  archiving write-ahead log file "000000010000000000000001" failed too many times, will try again later
cp: cannot create regular file '/database/postgres/data/archive/000000010000000000000001': No such file or directory
2024-10-28 01:38:09.282 UTC [35] LOG:  archive command failed with exit code 1
2024-10-28 01:38:09.282 UTC [35] DETAIL:  The failed archive command was: test ! -f /database/postgres/data/archive/000000010000000000000001 && cp pg_wal/000000010000000000000001 /database/postgres/data/archive/000000010000000000000001
cp: cannot create regular file '/database/postgres/data/archive/000000010000000000000001': No such file or directory
2024-10-28 01:38:10.296 UTC [35] LOG:  archive command failed with exit code 1
2024-10-28 01:38:10.296 UTC [35] DETAIL:  The failed archive command was: test ! -f /database/postgres/data/archive/000000010000000000000001 && cp pg_wal/000000010000000000000001 /database/postgres/data/archive/000000010000000000000001
cp: cannot create regular file '/database/postgres/data/archive/000000010000000000000001': No such file or directory
2024-10-28 01:38:11.305 UTC [35] LOG:  archive command failed with exit code 1
2024-10-28 01:38:11.305 UTC [35] DETAIL:  The failed archive command was: test ! -f /database/postgres/data/archive/000000010000000000000001 && cp pg_wal/000000010000000000000001 /database/postgres/data/archive/000000010000000000000001
2024-10-28 01:38:11.305 UTC [35] WARNING:  archiving write-ahead log file "000000010000000000000001" failed too many times, will try again later
cp: cannot create regular file '/database/postgres/data/archive/000000010000000000000001': No such file or directory
2024-10-28 01:39:11.370 UTC [35] LOG:  archive command failed with exit code 1
2024-10-28 01:39:11.370 UTC [35] DETAIL:  The failed archive command was: test ! -f /database/postgres/data/archive/000000010000000000000001 && cp pg_wal/000000010000000000000001 /database/postgres/data/archive/000000010000000000000001
cp: cannot create regular file '/database/postgres/data/archive/000000010000000000000001': No such file or directory
2024-10-28 01:39:12.374 UTC [35] LOG:  archive command failed with exit code 1
2024-10-28 01:39:12.374 UTC [35] DETAIL:  The failed archive command was: test ! -f /database/postgres/data/archive/000000010000000000000001 && cp pg_wal/000000010000000000000001 /database/postgres/data/archive/000000010000000000000001
cp: cannot create regular file '/database/postgres/data/archive/000000010000000000000001': No such file or directory
2024-10-28 01:39:13.376 UTC [35] LOG:  archive command failed with exit code 1
2024-10-28 01:39:13.376 UTC [35] DETAIL:  The failed archive command was: test ! -f /database/postgres/data/archive/000000010000000000000001 && cp pg_wal/000000010000000000000001 /database/postgres/data/archive/000000010000000000000001
2024-10-28 01:39:13.377 UTC [35] WARNING:  archiving write-ahead log file "000000010000000000000001" failed too many times, will try again later
cp: cannot create regular file '/database/postgres/data/archive/000000010000000000000001': No such file or directory
2024-10-28 01:40:13.441 UTC [35] LOG:  archive command failed with exit code 1
2024-10-28 01:40:13.441 UTC [35] DETAIL:  The failed archive command was: test ! -f /database/postgres/data/archive/000000010000000000000001 && cp pg_wal/000000010000000000000001 /database/postgres/data/archive/000000010000000000000001
cp: cannot create regular file '/database/postgres/data/archive/000000010000000000000001': No such file or directory
2024-10-28 01:40:14.443 UTC [35] LOG:  archive command failed with exit code 1
2024-10-28 01:40:14.443 UTC [35] DETAIL:  The failed archive command was: test ! -f /database/postgres/data/archive/000000010000000000000001 && cp pg_wal/000000010000000000000001 /database/postgres/data/archive/000000010000000000000001
cp: cannot create regular file '/database/postgres/data/archive/000000010000000000000001': No such file or directory
2024-10-28 01:40:15.451 UTC [35] LOG:  archive command failed with exit code 1
2024-10-28 01:40:15.451 UTC [35] DETAIL:  The failed archive command was: test ! -f /database/postgres/data/archive/000000010000000000000001 && cp pg_wal/000000010000000000000001 /database/postgres/data/archive/000000010000000000000001
2024-10-28 01:40:15.451 UTC [35] WARNING:  archiving write-ahead log file "000000010000000000000001" failed too many times, will try again later
cp: cannot create regular file '/database/postgres/data/archive/000000010000000000000001': No such file or directory
2024-10-28 01:41:15.461 UTC [35] LOG:  archive command failed with exit code 1
2024-10-28 01:41:15.461 UTC [35] DETAIL:  The failed archive command was: test ! -f /database/postgres/data/archive/000000010000000000000001 && cp pg_wal/000000010000000000000001 /database/postgres/data/archive/000000010000000000000001
cp: cannot create regular file '/database/postgres/data/archive/000000010000000000000001': No such file or directory
2024-10-28 01:41:16.464 UTC [35] LOG:  archive command failed with exit code 1
2024-10-28 01:41:16.464 UTC [35] DETAIL:  The failed archive command was: test ! -f /database/postgres/data/archive/000000010000000000000001 && cp pg_wal/000000010000000000000001 /database/postgres/data/archive/000000010000000000000001
cp: cannot create regular file '/database/postgres/data/archive/000000010000000000000001': No such file or directory
2024-10-28 01:41:17.467 UTC [35] LOG:  archive command failed with exit code 1
2024-10-28 01:41:17.467 UTC [35] DETAIL:  The failed archive command was: test ! -f /database/postgres/data/archive/000000010000000000000001 && cp pg_wal/000000010000000000000001 /database/postgres/data/archive/000000010000000000000001
2024-10-28 01:41:17.467 UTC [35] WARNING:  archiving write-ahead log file "000000010000000000000001" failed too many times, will try again later
cp: cannot create regular file '/database/postgres/data/archive/000000010000000000000001': No such file or directory
2024-10-28 01:42:17.529 UTC [35] LOG:  archive command failed with exit code 1
2024-10-28 01:42:17.529 UTC [35] DETAIL:  The failed archive command was: test ! -f /database/postgres/data/archive/000000010000000000000001 && cp pg_wal/000000010000000000000001 /database/postgres/data/archive/000000010000000000000001
cp: cannot create regular file '/database/postgres/data/archive/000000010000000000000001': No such file or directory
2024-10-28 01:42:18.531 UTC [35] LOG:  archive command failed with exit code 1
2024-10-28 01:42:18.531 UTC [35] DETAIL:  The failed archive command was: test ! -f /database/postgres/data/archive/000000010000000000000001 && cp pg_wal/000000010000000000000001 /database/postgres/data/archive/000000010000000000000001
cp: cannot create regular file '/database/postgres/data/archive/000000010000000000000001': No such file or directory
2024-10-28 01:42:19.534 UTC [35] LOG:  archive command failed with exit code 1
2024-10-28 01:42:19.534 UTC [35] DETAIL:  The failed archive command was: test ! -f /database/postgres/data/archive/000000010000000000000001 && cp pg_wal/000000010000000000000001 /database/postgres/data/archive/000000010000000000000001
2024-10-28 01:42:19.534 UTC [35] WARNING:  archiving write-ahead log file "000000010000000000000001" failed too many times, will try again later
2024-10-28 01:42:25.025 UTC [1] LOG:  received fast shutdown request
2024-10-28 01:42:25.031 UTC [1] LOG:  aborting any active transactions
2024-10-28 01:42:25.032 UTC [119] snj@snj_db FATAL:  terminating connection due to administrator command
2024-10-28 01:42:25.033 UTC [1] LOG:  background worker "logical replication launcher" (PID 36) exited with exit code 1
2024-10-28 01:42:25.037 UTC [29] LOG:  shutting down
cp: cannot create regular file '/database/postgres/data/archive/000000010000000000000001': No such file or directory
2024-10-28 01:42:25.212 UTC [35] LOG:  archive command failed with exit code 1
2024-10-28 01:42:25.212 UTC [35] DETAIL:  The failed archive command was: test ! -f /database/postgres/data/archive/000000010000000000000001 && cp pg_wal/000000010000000000000001 /database/postgres/data/archive/000000010000000000000001
2024-10-28 01:42:25.212 UTC [29] LOG:  checkpoint starting: shutdown immediate
2024-10-28 01:42:25.336 UTC [29] LOG:  checkpoint complete: wrote 0 buffers (0.0%); 0 WAL file(s) added, 0 removed, 0 recycled; write=0.010 s, sync=0.001 s, total=0.128 s; sync files=0, longest=0.000 s, average=0.000 s; distance=16381 kB, estimate=16381 kB; lsn=0/14000028, redo lsn=0/14000028
cp: cannot create regular file '/database/postgres/data/archive/000000010000000000000001': No such file or directory
2024-10-28 01:42:25.343 UTC [35] LOG:  archive command failed with exit code 1
2024-10-28 01:42:25.343 UTC [35] DETAIL:  The failed archive command was: test ! -f /database/postgres/data/archive/000000010000000000000001 && cp pg_wal/000000010000000000000001 /database/postgres/data/archive/000000010000000000000001
cp: cannot create regular file '/database/postgres/data/archive/000000010000000000000001': No such file or directory
2024-10-28 01:42:26.346 UTC [35] LOG:  archive command failed with exit code 1
2024-10-28 01:42:26.346 UTC [35] DETAIL:  The failed archive command was: test ! -f /database/postgres/data/archive/000000010000000000000001 && cp pg_wal/000000010000000000000001 /database/postgres/data/archive/000000010000000000000001
2024-10-28 01:42:26.346 UTC [35] WARNING:  archiving write-ahead log file "000000010000000000000001" failed too many times, will try again later
cp: cannot create regular file '/database/postgres/data/archive/000000010000000000000001': No such file or directory
2024-10-28 01:42:26.350 UTC [35] LOG:  archive command failed with exit code 1
2024-10-28 01:42:26.350 UTC [35] DETAIL:  The failed archive command was: test ! -f /database/postgres/data/archive/000000010000000000000001 && cp pg_wal/000000010000000000000001 /database/postgres/data/archive/000000010000000000000001
cp: cannot create regular file '/database/postgres/data/archive/000000010000000000000001': No such file or directory
2024-10-28 01:42:27.354 UTC [35] LOG:  archive command failed with exit code 1
2024-10-28 01:42:27.354 UTC [35] DETAIL:  The failed archive command was: test ! -f /database/postgres/data/archive/000000010000000000000001 && cp pg_wal/000000010000000000000001 /database/postgres/data/archive/000000010000000000000001
cp: cannot create regular file '/database/postgres/data/archive/000000010000000000000001': No such file or directory
2024-10-28 01:42:28.357 UTC [35] LOG:  archive command failed with exit code 1
2024-10-28 01:42:28.357 UTC [35] DETAIL:  The failed archive command was: test ! -f /database/postgres/data/archive/000000010000000000000001 && cp pg_wal/000000010000000000000001 /database/postgres/data/archive/000000010000000000000001
2024-10-28 01:42:28.358 UTC [35] WARNING:  archiving write-ahead log file "000000010000000000000001" failed too many times, will try again later
2024-10-28 01:42:28.361 UTC [1] LOG:  database system is shut down
